This is pdfTeX, Version 3.14159265-2.6-1.40.16 (MiKTeX 2.9 64-bit) (preloaded format=pdflatex 2016.5.18)  2 SEP 2018 17:58
entering extended mode
**C:/Users/Chris/Desktop/Nonlinear_Waves_over_Vortices_Git_Clone/Waves_Over_Pat
ches_Writeup/patches_under_cnoidal_waves.tex

(C:/Users/Chris/Desktop/Nonlinear_Waves_over_Vortices_Git_Clone/Waves_Over_Patc
hes_Writeup/patches_under_cnoidal_waves.tex
LaTeX2e <2015/10/01> patch level 2
Babel <3.9n> and hyphenation patterns for 69 languages loaded.
("C:\Users\Chris\AppData\Local\Programs\MiKTeX 2.9\tex\latex\base\article.cls"
Document Class: article 2014/09/29 v1.4h Standard LaTeX document class
("C:\Users\Chris\AppData\Local\Programs\MiKTeX 2.9\tex\latex\base\size11.clo"
File: size11.clo 2014/09/29 v1.4h Standard LaTeX file (size option)
)
\c@part=\count79
\c@section=\count80
\c@subsection=\count81
\c@subsubsection=\count82
\c@paragraph=\count83
\c@subparagraph=\count84
\c@figure=\count85
\c@table=\count86
\abovecaptionskip=\skip41
\belowcaptionskip=\skip42
\bibindent=\dimen102
)
("C:\Users\Chris\AppData\Local\Programs\MiKTeX 2.9\tex\latex\amsmath\amsmath.st
y"
Package: amsmath 2013/01/14 v2.14 AMS math features
\@mathmargin=\skip43

For additional information on amsmath, use the `?' option.

("C:\Users\Chris\AppData\Local\Programs\MiKTeX 2.9\tex\latex\amsmath\amstext.st
y"
Package: amstext 2000/06/29 v2.01

("C:\Users\Chris\AppData\Local\Programs\MiKTeX 2.9\tex\latex\amsmath\amsgen.sty
"
File: amsgen.sty 1999/11/30 v2.0
\@emptytoks=\toks14
\ex@=\dimen103
))
("C:\Users\Chris\AppData\Local\Programs\MiKTeX 2.9\tex\latex\amsmath\amsbsy.sty
"
Package: amsbsy 1999/11/29 v1.2d
\pmbraise@=\dimen104
)
("C:\Users\Chris\AppData\Local\Programs\MiKTeX 2.9\tex\latex\amsmath\amsopn.sty
"
Package: amsopn 1999/12/14 v2.01 operator names
)
\inf@bad=\count87
LaTeX Info: Redefining \frac on input line 210.
\uproot@=\count88
\leftroot@=\count89
LaTeX Info: Redefining \overline on input line 306.
\classnum@=\count90
\DOTSCASE@=\count91
LaTeX Info: Redefining \ldots on input line 378.
LaTeX Info: Redefining \dots on input line 381.
LaTeX Info: Redefining \cdots on input line 466.
\Mathstrutbox@=\box26
\strutbox@=\box27
\big@size=\dimen105
LaTeX Font Info:    Redeclaring font encoding OML on input line 566.
LaTeX Font Info:    Redeclaring font encoding OMS on input line 567.
\macc@depth=\count92
\c@MaxMatrixCols=\count93
\dotsspace@=\muskip10
\c@parentequation=\count94
\dspbrk@lvl=\count95
\tag@help=\toks15
\row@=\count96
\column@=\count97
\maxfields@=\count98
\andhelp@=\toks16
\eqnshift@=\dimen106
\alignsep@=\dimen107
\tagshift@=\dimen108
\tagwidth@=\dimen109
\totwidth@=\dimen110
\lineht@=\dimen111
\@envbody=\toks17
\multlinegap=\skip44
\multlinetaggap=\skip45
\mathdisplay@stack=\toks18
LaTeX Info: Redefining \[ on input line 2665.
LaTeX Info: Redefining \] on input line 2666.
)
("C:\Users\Chris\AppData\Local\Programs\MiKTeX 2.9\tex\latex\amsfonts\amssymb.s
ty"
Package: amssymb 2013/01/14 v3.01 AMS font symbols

("C:\Users\Chris\AppData\Local\Programs\MiKTeX 2.9\tex\latex\amsfonts\amsfonts.
sty"
Package: amsfonts 2013/01/14 v3.01 Basic AMSFonts support
\symAMSa=\mathgroup4
\symAMSb=\mathgroup5
LaTeX Font Info:    Overwriting math alphabet `\mathfrak' in version `bold'
(Font)                  U/euf/m/n --> U/euf/b/n on input line 106.
))
("C:\Users\Chris\AppData\Local\Programs\MiKTeX 2.9\tex\latex\amscls\amsthm.sty"
Package: amsthm 2015/03/04 v2.20.2
\thm@style=\toks19
\thm@bodyfont=\toks20
\thm@headfont=\toks21
\thm@notefont=\toks22
\thm@headpunct=\toks23
\thm@preskip=\skip46
\thm@postskip=\skip47
\thm@headsep=\skip48
\dth@everypar=\toks24
)
("C:\Users\Chris\AppData\Local\Programs\MiKTeX 2.9\tex\latex\graphics\graphicx.
sty"
Package: graphicx 2014/10/28 v1.0g Enhanced LaTeX Graphics (DPC,SPQR)

("C:\Users\Chris\AppData\Local\Programs\MiKTeX 2.9\tex\latex\graphics\keyval.st
y"
Package: keyval 2014/10/28 v1.15 key=value parser (DPC)
\KV@toks@=\toks25
)
("C:\Users\Chris\AppData\Local\Programs\MiKTeX 2.9\tex\latex\graphics\graphics.
sty"
Package: graphics 2014/10/28 v1.0p Standard LaTeX Graphics (DPC,SPQR)

("C:\Users\Chris\AppData\Local\Programs\MiKTeX 2.9\tex\latex\graphics\trig.sty"
Package: trig 1999/03/16 v1.09 sin cos tan (DPC)
)
("C:\Users\Chris\AppData\Local\Programs\MiKTeX 2.9\tex\latex\00miktex\graphics.
cfg"
File: graphics.cfg 2007/01/18 v1.5 graphics configuration of teTeX/TeXLive
)
Package graphics Info: Driver file: pdftex.def on input line 94.

("C:\Users\Chris\AppData\Local\Programs\MiKTeX 2.9\tex\latex\pdftex-def\pdftex.
def"
File: pdftex.def 2011/05/27 v0.06d Graphics/color for pdfTeX

("C:\Users\Chris\AppData\Local\Programs\MiKTeX 2.9\tex\generic\oberdiek\infware
rr.sty"
Package: infwarerr 2010/04/08 v1.3 Providing info/warning/error messages (HO)
)
("C:\Users\Chris\AppData\Local\Programs\MiKTeX 2.9\tex\generic\oberdiek\ltxcmds
.sty"
Package: ltxcmds 2011/11/09 v1.22 LaTeX kernel commands for general use (HO)
)
\Gread@gobject=\count99
))
\Gin@req@height=\dimen112
\Gin@req@width=\dimen113
)
("C:\Users\Chris\AppData\Local\Programs\MiKTeX 2.9\tex\latex\oberdiek\epstopdf.
sty"
Package: epstopdf 2010/02/09 v2.5 Conversion with epstopdf on the fly (HO)

("C:\Users\Chris\AppData\Local\Programs\MiKTeX 2.9\tex\latex\oberdiek\epstopdf-
base.sty"
Package: epstopdf-base 2010/02/09 v2.5 Base part for package epstopdf

("C:\Users\Chris\AppData\Local\Programs\MiKTeX 2.9\tex\latex\oberdiek\grfext.st
y"
Package: grfext 2010/08/19 v1.1 Manage graphics extensions (HO)

("C:\Users\Chris\AppData\Local\Programs\MiKTeX 2.9\tex\generic\oberdiek\kvdefin
ekeys.sty"
Package: kvdefinekeys 2011/04/07 v1.3 Define keys (HO)
))
("C:\Users\Chris\AppData\Local\Programs\MiKTeX 2.9\tex\latex\oberdiek\kvoptions
.sty"
Package: kvoptions 2011/06/30 v3.11 Key value format for package options (HO)

("C:\Users\Chris\AppData\Local\Programs\MiKTeX 2.9\tex\generic\oberdiek\kvsetke
ys.sty"
Package: kvsetkeys 2012/04/25 v1.16 Key value parser (HO)

("C:\Users\Chris\AppData\Local\Programs\MiKTeX 2.9\tex\generic\oberdiek\etexcmd
s.sty"
Package: etexcmds 2011/02/16 v1.5 Avoid name clashes with e-TeX commands (HO)

("C:\Users\Chris\AppData\Local\Programs\MiKTeX 2.9\tex\generic\oberdiek\ifluate
x.sty"
Package: ifluatex 2010/03/01 v1.3 Provides the ifluatex switch (HO)
Package ifluatex Info: LuaTeX not detected.
)
Package etexcmds Info: Could not find \expanded.
(etexcmds)             That can mean that you are not using pdfTeX 1.50 or
(etexcmds)             that some package has redefined \expanded.
(etexcmds)             In the latter case, load this package earlier.
)))
("C:\Users\Chris\AppData\Local\Programs\MiKTeX 2.9\tex\generic\oberdiek\pdftexc
mds.sty"
Package: pdftexcmds 2011/11/29 v0.20 Utility functions of pdfTeX for LuaTeX (HO
)

("C:\Users\Chris\AppData\Local\Programs\MiKTeX 2.9\tex\generic\oberdiek\ifpdf.s
ty"
Package: ifpdf 2011/01/30 v2.3 Provides the ifpdf switch (HO)
Package ifpdf Info: pdfTeX in PDF mode is detected.
)
Package pdftexcmds Info: LuaTeX not detected.
Package pdftexcmds Info: \pdf@primitive is available.
Package pdftexcmds Info: \pdf@ifprimitive is available.
Package pdftexcmds Info: \pdfdraftmode found.
)
Package grfext Info: Graphics extension search list:
(grfext)             [.png,.pdf,.jpg,.mps,.jpeg,.jbig2,.jb2,.PNG,.PDF,.JPG,.JPE
G,.JBIG2,.JB2,.eps]
(grfext)             \AppendGraphicsExtensions on input line 452.
))
("C:\Users\Chris\AppData\Local\Programs\MiKTeX 2.9\tex\latex\graphics\epsfig.st
y"
Package: epsfig 1999/02/16 v1.7a (e)psfig emulation (SPQR)
\epsfxsize=\dimen114
\epsfysize=\dimen115
)
("C:\Users\Chris\AppData\Local\Programs\MiKTeX 2.9\tex\latex\caption\caption.st
y"
Package: caption 2016/02/21 v3.3-144 Customizing captions (AR)

("C:\Users\Chris\AppData\Local\Programs\MiKTeX 2.9\tex\latex\caption\caption3.s
ty"
Package: caption3 2016/02/04 v1.7-139 caption3 kernel (AR)
Package caption3 Info: TeX engine: e-TeX on input line 67.
\captionmargin=\dimen116
\captionmargin@=\dimen117
\captionwidth=\dimen118
\caption@tempdima=\dimen119
\caption@indent=\dimen120
\caption@parindent=\dimen121
\caption@hangindent=\dimen122
)
\c@ContinuedFloat=\count100
)
("C:\Users\Chris\AppData\Local\Programs\MiKTeX 2.9\tex\latex\caption\subcaption
.sty"
Package: subcaption 2016/02/20 v1.1-142 Sub-captions (AR)
\c@subfigure=\count101
\c@subtable=\count102
)
\c@thm=\count103
\c@lem=\count104
 (patches_under_cnoidal_waves.aux)
\openout1 = `patches_under_cnoidal_waves.aux'.

LaTeX Font Info:    Checking defaults for OML/cmm/m/it on input line 64.
LaTeX Font Info:    ... okay on input line 64.
LaTeX Font Info:    Checking defaults for T1/cmr/m/n on input line 64.
LaTeX Font Info:    ... okay on input line 64.
LaTeX Font Info:    Checking defaults for OT1/cmr/m/n on input line 64.
LaTeX Font Info:    ... okay on input line 64.
LaTeX Font Info:    Checking defaults for OMS/cmsy/m/n on input line 64.
LaTeX Font Info:    ... okay on input line 64.
LaTeX Font Info:    Checking defaults for OMX/cmex/m/n on input line 64.
LaTeX Font Info:    ... okay on input line 64.
LaTeX Font Info:    Checking defaults for U/cmr/m/n on input line 64.
LaTeX Font Info:    ... okay on input line 64.

("C:\Users\Chris\AppData\Local\Programs\MiKTeX 2.9\tex\context\base\supp-pdf.mk
ii"
[Loading MPS to PDF converter (version 2006.09.02).]
\scratchcounter=\count105
\scratchdimen=\dimen123
\scratchbox=\box28
\nofMPsegments=\count106
\nofMParguments=\count107
\everyMPshowfont=\toks26
\MPscratchCnt=\count108
\MPscratchDim=\dimen124
\MPnumerator=\count109
\makeMPintoPDFobject=\count110
\everyMPtoPDFconversion=\toks27
)
Package caption Info: Begin \AtBeginDocument code.
Package caption Info: End \AtBeginDocument code.
LaTeX Font Info:    Try loading font information for U+msa on input line 65.
 ("C:\Users\Chris\AppData\Local\Programs\MiKTeX 2.9\tex\latex\amsfonts\umsa.fd"
File: umsa.fd 2013/01/14 v3.01 AMS symbols A
)
LaTeX Font Info:    Try loading font information for U+msb on input line 65.
 ("C:\Users\Chris\AppData\Local\Programs\MiKTeX 2.9\tex\latex\amsfonts\umsb.fd"
File: umsb.fd 2013/01/14 v3.01 AMS symbols B
) [1

{C:/Users/Chris/AppData/Local/MiKTeX/2.9/pdftex/config/pdftex.map}]
[2] [3] [4] [5] [6] <full_error_comparison.pdf, id=35, 1445.4pt x 655.44875pt>
File: full_error_comparison.pdf Graphic file (type pdf)

<use full_error_comparison.pdf>
Package pdftex.def Info: full_error_comparison.pdf used on input line 255.
(pdftex.def)             Requested size: 399.05275pt x 180.95406pt.

<full_error_comparison_wm_10.pdf, id=36, 1445.4pt x 755.82375pt>
File: full_error_comparison_wm_10.pdf Graphic file (type pdf)

<use full_error_comparison_wm_10.pdf>
Package pdftex.def Info: full_error_comparison_wm_10.pdf used on input line 257
.
(pdftex.def)             Requested size: 399.05275pt x 208.66524pt.


LaTeX Warning: `!h' float specifier changed to `!ht'.

[7] [8 <./full_error_comparison.pdf> <./full_error_comparison_wm_10.pdf>]
[9]
Package epstopdf Info: Source file: <profile_mu_0.eps>
(epstopdf)                    date: 2018-09-02 17:38:20
(epstopdf)                    size: 185503 bytes
(epstopdf)             Output file: <profile_mu_0-eps-converted-to.pdf>
(epstopdf)                    date: 2018-09-02 17:48:54
(epstopdf)                    size: 11001 bytes
(epstopdf)             Command: <epstopdf --outfile=profile_mu_0-eps-converted-
to.pdf profile_mu_0.eps>
(epstopdf)             \includegraphics on input line 320.
Package epstopdf Info: Output file is already uptodate.
 <profile_mu_0-eps-converted-to.pdf, id=53, 697.60625pt x 483.8075pt>
File: profile_mu_0-eps-converted-to.pdf Graphic file (type pdf)

<use profile_mu_0-eps-converted-to.pdf>
Package pdftex.def Info: profile_mu_0-eps-converted-to.pdf used on input line 3
20.
(pdftex.def)             Requested size: 211.26027pt x 146.51648pt.
Package epstopdf Info: Source file: <energy_mu_0.eps>
(epstopdf)                    date: 2018-09-02 17:38:14
(epstopdf)                    size: 242300 bytes
(epstopdf)             Output file: <energy_mu_0-eps-converted-to.pdf>
(epstopdf)                    date: 2018-09-02 17:48:56
(epstopdf)                    size: 8119 bytes
(epstopdf)             Command: <epstopdf --outfile=energy_mu_0-eps-converted-t
o.pdf energy_mu_0.eps>
(epstopdf)             \includegraphics on input line 320.
Package epstopdf Info: Output file is already uptodate.

<energy_mu_0-eps-converted-to.pdf, id=54, 697.60625pt x 483.8075pt>
File: energy_mu_0-eps-converted-to.pdf Graphic file (type pdf)

<use energy_mu_0-eps-converted-to.pdf>
Package pdftex.def Info: energy_mu_0-eps-converted-to.pdf used on input line 32
0.
(pdftex.def)             Requested size: 211.26027pt x 146.51648pt.
Package epstopdf Info: Source file: <vorticity_mu_0.eps>
(epstopdf)                    date: 2018-09-02 17:58:14
(epstopdf)                    size: 444243 bytes
(epstopdf)             Output file: <vorticity_mu_0-eps-converted-to.pdf>
(epstopdf)                    date: 2018-09-02 17:51:41
(epstopdf)                    size: 23443 bytes
(epstopdf)             Command: <epstopdf --outfile=vorticity_mu_0-eps-converte
d-to.pdf vorticity_mu_0.eps>
(epstopdf)             \includegraphics on input line 322.
runsystem(epstopdf --outfile=vorticity_mu_0-eps-converted-to.pdf vorticity_mu_0
.eps)...executed (allowed).

Package epstopdf Info: Result file: <vorticity_mu_0-eps-converted-to.pdf>
(epstopdf)                    date: 2018-09-02 17:58:32
(epstopdf)                    size: 24993 bytes.

<vorticity_mu_0-eps-converted-to.pdf, id=55, 697.60625pt x 483.8075pt>
File: vorticity_mu_0-eps-converted-to.pdf Graphic file (type pdf)

<use vorticity_mu_0-eps-converted-to.pdf>
Package pdftex.def Info: vorticity_mu_0-eps-converted-to.pdf used on input line
 322.
(pdftex.def)             Requested size: 211.26027pt x 146.51648pt.
Package epstopdf Info: Source file: <com_mu_0.eps>
(epstopdf)                    date: 2018-09-02 17:41:34
(epstopdf)                    size: 175966 bytes
(epstopdf)             Output file: <com_mu_0-eps-converted-to.pdf>
(epstopdf)                    date: 2018-09-02 17:48:59
(epstopdf)                    size: 5911 bytes
(epstopdf)             Command: <epstopdf --outfile=com_mu_0-eps-converted-to.p
df com_mu_0.eps>
(epstopdf)             \includegraphics on input line 322.
Package epstopdf Info: Output file is already uptodate.

<com_mu_0-eps-converted-to.pdf, id=56, 697.60625pt x 483.8075pt>
File: com_mu_0-eps-converted-to.pdf Graphic file (type pdf)

<use com_mu_0-eps-converted-to.pdf>
Package pdftex.def Info: com_mu_0-eps-converted-to.pdf used on input line 322.
(pdftex.def)             Requested size: 211.26027pt x 146.51648pt.

<profiles_wm_1_modu_pt3.pdf, id=57, 718.685pt x 477.785pt>
File: profiles_wm_1_modu_pt3.pdf Graphic file (type pdf)

<use profiles_wm_1_modu_pt3.pdf>
Package pdftex.def Info: profiles_wm_1_modu_pt3.pdf used on input line 336.
(pdftex.def)             Requested size: 211.26027pt x 140.4423pt.

<energy_wm_1_modu_pt3.pdf, id=58, 421.575pt x 316.18124pt>
File: energy_wm_1_modu_pt3.pdf Graphic file (type pdf)

<use energy_wm_1_modu_pt3.pdf>
Package pdftex.def Info: energy_wm_1_modu_pt3.pdf used on input line 336.
(pdftex.def)             Requested size: 187.78531pt x 140.84253pt.

<profiles_wm_5_modu_pt3.pdf, id=59, 716.6775pt x 435.6275pt>
File: profiles_wm_5_modu_pt3.pdf Graphic file (type pdf)

<use profiles_wm_5_modu_pt3.pdf>
Package pdftex.def Info: profiles_wm_5_modu_pt3.pdf used on input line 338.
(pdftex.def)             Requested size: 211.26027pt x 128.40929pt.

<energy_wm_5_modu_pt3.pdf, id=60, 421.575pt x 316.18124pt>
File: energy_wm_5_modu_pt3.pdf Graphic file (type pdf)

<use energy_wm_5_modu_pt3.pdf>
Package pdftex.def Info: energy_wm_5_modu_pt3.pdf used on input line 338.
(pdftex.def)             Requested size: 187.78531pt x 140.84253pt.

<profiles_wm_10_modu_pt3.pdf, id=61, 716.6775pt x 435.6275pt>
File: profiles_wm_10_modu_pt3.pdf Graphic file (type pdf)

<use profiles_wm_10_modu_pt3.pdf>
Package pdftex.def Info: profiles_wm_10_modu_pt3.pdf used on input line 340.
(pdftex.def)             Requested size: 211.26027pt x 128.40929pt.

<energy_wm_10_modu_pt3.pdf, id=62, 421.575pt x 316.18124pt>
File: energy_wm_10_modu_pt3.pdf Graphic file (type pdf)

<use energy_wm_10_modu_pt3.pdf>
Package pdftex.def Info: energy_wm_10_modu_pt3.pdf used on input line 340.
(pdftex.def)             Requested size: 187.78531pt x 140.84253pt.

<vorticity_wm_1_modu_pt3.pdf, id=63, 716.6775pt x 435.6275pt>
File: vorticity_wm_1_modu_pt3.pdf Graphic file (type pdf)

<use vorticity_wm_1_modu_pt3.pdf>
Package pdftex.def Info: vorticity_wm_1_modu_pt3.pdf used on input line 365.
(pdftex.def)             Requested size: 211.26027pt x 128.40929pt.
Package epstopdf Info: Source file: <com_wm_1_modu_pt3.eps>
(epstopdf)                    date: 2018-09-02 14:47:09
(epstopdf)                    size: 21760 bytes
(epstopdf)             Output file: <com_wm_1_modu_pt3-eps-converted-to.pdf>
(epstopdf)                    date: 2018-09-02 14:47:09
(epstopdf)                    size: 7377 bytes
(epstopdf)             Command: <epstopdf --outfile=com_wm_1_modu_pt3-eps-conve
rted-to.pdf com_wm_1_modu_pt3.eps>
(epstopdf)             \includegraphics on input line 365.
Package epstopdf Info: Output file is already uptodate.

<com_wm_1_modu_pt3-eps-converted-to.pdf, id=64, 714.67pt x 432.61626pt>
File: com_wm_1_modu_pt3-eps-converted-to.pdf Graphic file (type pdf)

<use com_wm_1_modu_pt3-eps-converted-to.pdf>
Package pdftex.def Info: com_wm_1_modu_pt3-eps-converted-to.pdf used on input l
ine 365.
(pdftex.def)             Requested size: 211.26027pt x 127.88474pt.

<vorticity_wm_5_modu_pt3.pdf, id=65, 716.6775pt x 435.6275pt>
File: vorticity_wm_5_modu_pt3.pdf Graphic file (type pdf)

<use vorticity_wm_5_modu_pt3.pdf>
Package pdftex.def Info: vorticity_wm_5_modu_pt3.pdf used on input line 367.
(pdftex.def)             Requested size: 211.26027pt x 128.40929pt.
Package epstopdf Info: Source file: <com_wm_5_modu_pt3.eps>
(epstopdf)                    date: 2018-09-02 14:47:09
(epstopdf)                    size: 21722 bytes
(epstopdf)             Output file: <com_wm_5_modu_pt3-eps-converted-to.pdf>
(epstopdf)                    date: 2018-09-02 14:47:09
(epstopdf)                    size: 7368 bytes
(epstopdf)             Command: <epstopdf --outfile=com_wm_5_modu_pt3-eps-conve
rted-to.pdf com_wm_5_modu_pt3.eps>
(epstopdf)             \includegraphics on input line 367.
Package epstopdf Info: Output file is already uptodate.

<com_wm_5_modu_pt3-eps-converted-to.pdf, id=66, 714.67pt x 432.61626pt>
File: com_wm_5_modu_pt3-eps-converted-to.pdf Graphic file (type pdf)

<use com_wm_5_modu_pt3-eps-converted-to.pdf>
Package pdftex.def Info: com_wm_5_modu_pt3-eps-converted-to.pdf used on input l
ine 367.
(pdftex.def)             Requested size: 211.26027pt x 127.88474pt.

<vorticity_wm_10_modu_pt3.pdf, id=67, 716.6775pt x 435.6275pt>
File: vorticity_wm_10_modu_pt3.pdf Graphic file (type pdf)

<use vorticity_wm_10_modu_pt3.pdf>
Package pdftex.def Info: vorticity_wm_10_modu_pt3.pdf used on input line 369.
(pdftex.def)             Requested size: 211.26027pt x 128.40929pt.
Package epstopdf Info: Source file: <com_wm_10_modu_pt3.eps>
(epstopdf)                    date: 2018-09-02 14:47:09
(epstopdf)                    size: 21044 bytes
(epstopdf)             Output file: <com_wm_10_modu_pt3-eps-converted-to.pdf>
(epstopdf)                    date: 2018-09-02 14:47:09
(epstopdf)                    size: 7357 bytes
(epstopdf)             Command: <epstopdf --outfile=com_wm_10_modu_pt3-eps-conv
erted-to.pdf com_wm_10_modu_pt3.eps>
(epstopdf)             \includegraphics on input line 369.
Package epstopdf Info: Output file is already uptodate.

<com_wm_10_modu_pt3-eps-converted-to.pdf, id=68, 714.67pt x 432.61626pt>
File: com_wm_10_modu_pt3-eps-converted-to.pdf Graphic file (type pdf)

<use com_wm_10_modu_pt3-eps-converted-to.pdf>
Package pdftex.def Info: com_wm_10_modu_pt3-eps-converted-to.pdf used on input 
line 369.
(pdftex.def)             Requested size: 211.26027pt x 127.88474pt.
 [10] [11 <./profile_mu_0-eps-converted-to.pdf> <./energy_mu_0-eps-converted-to
.pdf> <./vorticity_mu_0-eps-converted-to.pdf> <./com_mu_0-eps-converted-to.pdf>
] [12 <./profiles_wm_1_modu_pt3.pdf> <./energy_wm_1_modu_pt3.pdf> <./profiles_w
m_5_modu_pt3.pdf> <./energy_wm_5_modu_pt3.pdf> <./profiles_wm_10_modu_pt3.pdf> 
<./energy_wm_10_modu_pt3.pdf>]
<profiles_wm_1_modu_pt6.pdf, id=140, 716.6775pt x 435.6275pt>
File: profiles_wm_1_modu_pt6.pdf Graphic file (type pdf)

<use profiles_wm_1_modu_pt6.pdf>
Package pdftex.def Info: profiles_wm_1_modu_pt6.pdf used on input line 382.
(pdftex.def)             Requested size: 211.26027pt x 128.40929pt.

<energy_wm_1_modu_pt6.pdf, id=141, 421.575pt x 316.18124pt>
File: energy_wm_1_modu_pt6.pdf Graphic file (type pdf)

<use energy_wm_1_modu_pt6.pdf>
Package pdftex.def Info: energy_wm_1_modu_pt6.pdf used on input line 382.
(pdftex.def)             Requested size: 187.78531pt x 140.84253pt.

<profiles_wm_5_modu_pt6.pdf, id=142, 716.6775pt x 435.6275pt>
File: profiles_wm_5_modu_pt6.pdf Graphic file (type pdf)

<use profiles_wm_5_modu_pt6.pdf>
Package pdftex.def Info: profiles_wm_5_modu_pt6.pdf used on input line 384.
(pdftex.def)             Requested size: 211.26027pt x 128.40929pt.

<energy_wm_5_modu_pt6.pdf, id=143, 421.575pt x 316.18124pt>
File: energy_wm_5_modu_pt6.pdf Graphic file (type pdf)

<use energy_wm_5_modu_pt6.pdf>
Package pdftex.def Info: energy_wm_5_modu_pt6.pdf used on input line 384.
(pdftex.def)             Requested size: 187.78531pt x 140.84253pt.

<profiles_wm_10_modu_pt6.pdf, id=144, 716.6775pt x 435.6275pt>
File: profiles_wm_10_modu_pt6.pdf Graphic file (type pdf)

<use profiles_wm_10_modu_pt6.pdf>
Package pdftex.def Info: profiles_wm_10_modu_pt6.pdf used on input line 386.
(pdftex.def)             Requested size: 211.26027pt x 128.40929pt.

<energy_wm_10_modu_pt6.pdf, id=145, 421.575pt x 316.18124pt>
File: energy_wm_10_modu_pt6.pdf Graphic file (type pdf)

<use energy_wm_10_modu_pt6.pdf>
Package pdftex.def Info: energy_wm_10_modu_pt6.pdf used on input line 386.
(pdftex.def)             Requested size: 187.78531pt x 140.84253pt.

<vorticity_wm_1_modu_pt6.pdf, id=146, 716.6775pt x 435.6275pt>
File: vorticity_wm_1_modu_pt6.pdf Graphic file (type pdf)

<use vorticity_wm_1_modu_pt6.pdf>
Package pdftex.def Info: vorticity_wm_1_modu_pt6.pdf used on input line 411.
(pdftex.def)             Requested size: 211.26027pt x 128.40929pt.
Package epstopdf Info: Source file: <com_wm_1_modu_pt6.eps>
(epstopdf)                    date: 2018-09-02 14:47:09
(epstopdf)                    size: 21703 bytes
(epstopdf)             Output file: <com_wm_1_modu_pt6-eps-converted-to.pdf>
(epstopdf)                    date: 2018-09-02 14:47:09
(epstopdf)                    size: 7372 bytes
(epstopdf)             Command: <epstopdf --outfile=com_wm_1_modu_pt6-eps-conve
rted-to.pdf com_wm_1_modu_pt6.eps>
(epstopdf)             \includegraphics on input line 411.
Package epstopdf Info: Output file is already uptodate.

<com_wm_1_modu_pt6-eps-converted-to.pdf, id=147, 714.67pt x 432.61626pt>
File: com_wm_1_modu_pt6-eps-converted-to.pdf Graphic file (type pdf)

<use com_wm_1_modu_pt6-eps-converted-to.pdf>
Package pdftex.def Info: com_wm_1_modu_pt6-eps-converted-to.pdf used on input l
ine 411.
(pdftex.def)             Requested size: 211.26027pt x 127.88474pt.

<vorticity_wm_5_modu_pt6.pdf, id=148, 716.6775pt x 435.6275pt>
File: vorticity_wm_5_modu_pt6.pdf Graphic file (type pdf)

<use vorticity_wm_5_modu_pt6.pdf>
Package pdftex.def Info: vorticity_wm_5_modu_pt6.pdf used on input line 413.
(pdftex.def)             Requested size: 211.26027pt x 128.40929pt.
Package epstopdf Info: Source file: <com_wm_5_modu_pt6.eps>
(epstopdf)                    date: 2018-09-02 14:47:09
(epstopdf)                    size: 21026 bytes
(epstopdf)             Output file: <com_wm_5_modu_pt6-eps-converted-to.pdf>
(epstopdf)                    date: 2018-09-02 14:47:09
(epstopdf)                    size: 7345 bytes
(epstopdf)             Command: <epstopdf --outfile=com_wm_5_modu_pt6-eps-conve
rted-to.pdf com_wm_5_modu_pt6.eps>
(epstopdf)             \includegraphics on input line 413.
Package epstopdf Info: Output file is already uptodate.

<com_wm_5_modu_pt6-eps-converted-to.pdf, id=149, 714.67pt x 432.61626pt>
File: com_wm_5_modu_pt6-eps-converted-to.pdf Graphic file (type pdf)

<use com_wm_5_modu_pt6-eps-converted-to.pdf>
Package pdftex.def Info: com_wm_5_modu_pt6-eps-converted-to.pdf used on input l
ine 413.
(pdftex.def)             Requested size: 211.26027pt x 127.88474pt.

<vorticity_wm_10_modu_pt6.pdf, id=150, 716.6775pt x 435.6275pt>
File: vorticity_wm_10_modu_pt6.pdf Graphic file (type pdf)

<use vorticity_wm_10_modu_pt6.pdf>
Package pdftex.def Info: vorticity_wm_10_modu_pt6.pdf used on input line 415.
(pdftex.def)             Requested size: 211.26027pt x 128.40929pt.
Package epstopdf Info: Source file: <com_wm_10_modu_pt6.eps>
(epstopdf)                    date: 2018-09-02 14:47:09
(epstopdf)                    size: 21026 bytes
(epstopdf)             Output file: <com_wm_10_modu_pt6-eps-converted-to.pdf>
(epstopdf)                    date: 2018-09-02 14:47:09
(epstopdf)                    size: 7343 bytes
(epstopdf)             Command: <epstopdf --outfile=com_wm_10_modu_pt6-eps-conv
erted-to.pdf com_wm_10_modu_pt6.eps>
(epstopdf)             \includegraphics on input line 415.
Package epstopdf Info: Output file is already uptodate.

<com_wm_10_modu_pt6-eps-converted-to.pdf, id=151, 714.67pt x 432.61626pt>
File: com_wm_10_modu_pt6-eps-converted-to.pdf Graphic file (type pdf)

<use com_wm_10_modu_pt6-eps-converted-to.pdf>
Package pdftex.def Info: com_wm_10_modu_pt6-eps-converted-to.pdf used on input 
line 415.
(pdftex.def)             Requested size: 211.26027pt x 127.88474pt.

<profiles_wm_1_modu_pt9.pdf, id=152, 716.6775pt x 435.6275pt>
File: profiles_wm_1_modu_pt9.pdf Graphic file (type pdf)

<use profiles_wm_1_modu_pt9.pdf>
Package pdftex.def Info: profiles_wm_1_modu_pt9.pdf used on input line 428.
(pdftex.def)             Requested size: 211.26027pt x 128.40929pt.

<energy_wm_1_modu_pt9.pdf, id=153, 421.575pt x 316.18124pt>
File: energy_wm_1_modu_pt9.pdf Graphic file (type pdf)

<use energy_wm_1_modu_pt9.pdf>
Package pdftex.def Info: energy_wm_1_modu_pt9.pdf used on input line 428.
(pdftex.def)             Requested size: 187.78531pt x 140.84253pt.

<profiles_wm_5_modu_pt9.pdf, id=154, 716.6775pt x 435.6275pt>
File: profiles_wm_5_modu_pt9.pdf Graphic file (type pdf)

<use profiles_wm_5_modu_pt9.pdf>
Package pdftex.def Info: profiles_wm_5_modu_pt9.pdf used on input line 430.
(pdftex.def)             Requested size: 211.26027pt x 128.40929pt.

<energy_wm_5_modu_pt9.pdf, id=155, 421.575pt x 316.18124pt>
File: energy_wm_5_modu_pt9.pdf Graphic file (type pdf)

<use energy_wm_5_modu_pt9.pdf>
Package pdftex.def Info: energy_wm_5_modu_pt9.pdf used on input line 430.
(pdftex.def)             Requested size: 187.78531pt x 140.84253pt.

<profiles_wm_10_modu_pt9.pdf, id=156, 716.6775pt x 435.6275pt>
File: profiles_wm_10_modu_pt9.pdf Graphic file (type pdf)

<use profiles_wm_10_modu_pt9.pdf>
Package pdftex.def Info: profiles_wm_10_modu_pt9.pdf used on input line 432.
(pdftex.def)             Requested size: 211.26027pt x 128.40929pt.

<energy_wm_10_modu_pt9.pdf, id=157, 421.575pt x 316.18124pt>
File: energy_wm_10_modu_pt9.pdf Graphic file (type pdf)

<use energy_wm_10_modu_pt9.pdf>
Package pdftex.def Info: energy_wm_10_modu_pt9.pdf used on input line 432.
(pdftex.def)             Requested size: 187.78531pt x 140.84253pt.

<vorticity_wm_1_modu_pt9.pdf, id=158, 716.6775pt x 435.6275pt>
File: vorticity_wm_1_modu_pt9.pdf Graphic file (type pdf)

<use vorticity_wm_1_modu_pt9.pdf>
Package pdftex.def Info: vorticity_wm_1_modu_pt9.pdf used on input line 456.
(pdftex.def)             Requested size: 211.26027pt x 128.40929pt.
Package epstopdf Info: Source file: <com_wm_1_modu_pt9.eps>
(epstopdf)                    date: 2018-09-02 14:47:09
(epstopdf)                    size: 21733 bytes
(epstopdf)             Output file: <com_wm_1_modu_pt9-eps-converted-to.pdf>
(epstopdf)                    date: 2018-09-02 14:47:09
(epstopdf)                    size: 7400 bytes
(epstopdf)             Command: <epstopdf --outfile=com_wm_1_modu_pt9-eps-conve
rted-to.pdf com_wm_1_modu_pt9.eps>
(epstopdf)             \includegraphics on input line 456.
Package epstopdf Info: Output file is already uptodate.

<com_wm_1_modu_pt9-eps-converted-to.pdf, id=159, 714.67pt x 432.61626pt>
File: com_wm_1_modu_pt9-eps-converted-to.pdf Graphic file (type pdf)

<use com_wm_1_modu_pt9-eps-converted-to.pdf>
Package pdftex.def Info: com_wm_1_modu_pt9-eps-converted-to.pdf used on input l
ine 456.
(pdftex.def)             Requested size: 211.26027pt x 127.88474pt.

<vorticity_wm_5_modu_pt9.pdf, id=160, 716.6775pt x 435.6275pt>
File: vorticity_wm_5_modu_pt9.pdf Graphic file (type pdf)

<use vorticity_wm_5_modu_pt9.pdf>
Package pdftex.def Info: vorticity_wm_5_modu_pt9.pdf used on input line 458.
(pdftex.def)             Requested size: 211.26027pt x 128.40929pt.
Package epstopdf Info: Source file: <com_wm_5_modu_pt9.eps>
(epstopdf)                    date: 2018-09-02 14:47:09
(epstopdf)                    size: 21732 bytes
(epstopdf)             Output file: <com_wm_5_modu_pt9-eps-converted-to.pdf>
(epstopdf)                    date: 2018-09-02 14:47:09
(epstopdf)                    size: 7391 bytes
(epstopdf)             Command: <epstopdf --outfile=com_wm_5_modu_pt9-eps-conve
rted-to.pdf com_wm_5_modu_pt9.eps>
(epstopdf)             \includegraphics on input line 458.
Package epstopdf Info: Output file is already uptodate.

<com_wm_5_modu_pt9-eps-converted-to.pdf, id=161, 714.67pt x 432.61626pt>
File: com_wm_5_modu_pt9-eps-converted-to.pdf Graphic file (type pdf)

<use com_wm_5_modu_pt9-eps-converted-to.pdf>
Package pdftex.def Info: com_wm_5_modu_pt9-eps-converted-to.pdf used on input l
ine 458.
(pdftex.def)             Requested size: 211.26027pt x 127.88474pt.

<vorticity_wm_10_modu_pt9.pdf, id=162, 716.6775pt x 435.6275pt>
File: vorticity_wm_10_modu_pt9.pdf Graphic file (type pdf)

<use vorticity_wm_10_modu_pt9.pdf>
Package pdftex.def Info: vorticity_wm_10_modu_pt9.pdf used on input line 460.
(pdftex.def)             Requested size: 211.26027pt x 128.40929pt.
Package epstopdf Info: Source file: <com_wm_10_modu_pt9.eps>
(epstopdf)                    date: 2018-09-02 14:47:09
(epstopdf)                    size: 21734 bytes
(epstopdf)             Output file: <com_wm_10_modu_pt9-eps-converted-to.pdf>
(epstopdf)                    date: 2018-09-02 14:47:09
(epstopdf)                    size: 7388 bytes
(epstopdf)             Command: <epstopdf --outfile=com_wm_10_modu_pt9-eps-conv
erted-to.pdf com_wm_10_modu_pt9.eps>
(epstopdf)             \includegraphics on input line 460.
Package epstopdf Info: Output file is already uptodate.

<com_wm_10_modu_pt9-eps-converted-to.pdf, id=163, 714.67pt x 432.61626pt>
File: com_wm_10_modu_pt9-eps-converted-to.pdf Graphic file (type pdf)

<use com_wm_10_modu_pt9-eps-converted-to.pdf>
Package pdftex.def Info: com_wm_10_modu_pt9-eps-converted-to.pdf used on input 
line 460.
(pdftex.def)             Requested size: 211.26027pt x 127.88474pt.
 [13] [14 <./vorticity_wm_1_modu_pt3.pdf> <./com_wm_1_modu_pt3-eps-converted-to
.pdf> <./vorticity_wm_5_modu_pt3.pdf> <./com_wm_5_modu_pt3-eps-converted-to.pdf
> <./vorticity_wm_10_modu_pt3.pdf> <./com_wm_10_modu_pt3-eps-converted-to.pdf>]
 [15 <./profiles_wm_1_modu_pt6.pdf> <./energy_wm_1_modu_pt6.pdf> <./profiles_wm
_5_modu_pt6.pdf> <./energy_wm_5_modu_pt6.pdf> <./profiles_wm_10_modu_pt6.pdf> <
./energy_wm_10_modu_pt6.pdf>]
[16 <./vorticity_wm_1_modu_pt6.pdf> <./com_wm_1_modu_pt6-eps-converted-to.pdf> 
<./vorticity_wm_5_modu_pt6.pdf> <./com_wm_5_modu_pt6-eps-converted-to.pdf> <./v
orticity_wm_10_modu_pt6.pdf> <./com_wm_10_modu_pt6-eps-converted-to.pdf>]
[17 <./profiles_wm_1_modu_pt9.pdf> <./energy_wm_1_modu_pt9.pdf> <./profiles_wm_
5_modu_pt9.pdf> <./energy_wm_5_modu_pt9.pdf> <./profiles_wm_10_modu_pt9.pdf> <.
/energy_wm_10_modu_pt9.pdf>] [18] [19 <./vorticity_wm_1_modu_pt9.pdf> <./com_wm
_1_modu_pt9-eps-converted-to.pdf> <./vorticity_wm_5_modu_pt9.pdf> <./com_wm_5_m
odu_pt9-eps-converted-to.pdf> <./vorticity_wm_10_modu_pt9.pdf> <./com_wm_10_mod
u_pt9-eps-converted-to.pdf>] (patches_under_cnoidal_waves.bbl [20] [21]
[22]) [23] (patches_under_cnoidal_waves.aux) ) 
Here is how much of TeX's memory you used:
 3913 strings out of 493634
 61992 string characters out of 3135239
 132686 words of memory out of 3000000
 7197 multiletter control sequences out of 15000+200000
 12319 words of font info for 46 fonts, out of 3000000 for 9000
 1025 hyphenation exceptions out of 8191
 42i,12n,39p,1421b,329s stack positions out of 5000i,500n,10000p,200000b,50000s
<C:/Users/Chris/AppData/Local/Pro
grams/MiKTeX 2.9/fonts/type1/public/amsfonts/cm/cmbx10.pfb><C:/Users/Chris/AppD
ata/Local/Programs/MiKTeX 2.9/fonts/type1/public/amsfonts/cm/cmbx12.pfb><C:/Use
rs/Chris/AppData/Local/Programs/MiKTeX 2.9/fonts/type1/public/amsfonts/cm/cmex1
0.pfb><C:/Users/Chris/AppData/Local/Programs/MiKTeX 2.9/fonts/type1/public/amsf
onts/cm/cmmi10.pfb><C:/Users/Chris/AppData/Local/Programs/MiKTeX 2.9/fonts/type
1/public/amsfonts/cm/cmmi12.pfb><C:/Users/Chris/AppData/Local/Programs/MiKTeX 2
.9/fonts/type1/public/amsfonts/cm/cmmi6.pfb><C:/Users/Chris/AppData/Local/Progr
ams/MiKTeX 2.9/fonts/type1/public/amsfonts/cm/cmmi8.pfb><C:/Users/Chris/AppData
/Local/Programs/MiKTeX 2.9/fonts/type1/public/amsfonts/cm/cmr10.pfb><C:/Users/C
hris/AppData/Local/Programs/MiKTeX 2.9/fonts/type1/public/amsfonts/cm/cmr12.pfb
><C:/Users/Chris/AppData/Local/Programs/MiKTeX 2.9/fonts/type1/public/amsfonts/
cm/cmr17.pfb><C:/Users/Chris/AppData/Local/Programs/MiKTeX 2.9/fonts/type1/publ
ic/amsfonts/cm/cmr6.pfb><C:/Users/Chris/AppData/Local/Programs/MiKTeX 2.9/fonts
/type1/public/amsfonts/cm/cmr8.pfb><C:/Users/Chris/AppData/Local/Programs/MiKTe
X 2.9/fonts/type1/public/amsfonts/cm/cmsy10.pfb><C:/Users/Chris/AppData/Local/P
rograms/MiKTeX 2.9/fonts/type1/public/amsfonts/cm/cmsy8.pfb><C:/Users/Chris/App
Data/Local/Programs/MiKTeX 2.9/fonts/type1/public/amsfonts/cm/cmti10.pfb><C:/Us
ers/Chris/AppData/Local/Programs/MiKTeX 2.9/fonts/type1/public/amsfonts/symbols
/msam10.pfb><C:/Users/Chris/AppData/Local/Programs/MiKTeX 2.9/fonts/type1/publi
c/amsfonts/symbols/msbm10.pfb>
Output written on patches_under_cnoidal_waves.pdf (23 pages, 750245 bytes).
PDF statistics:
 352 PDF objects out of 1000 (max. 8388607)
 0 named destinations out of 1000 (max. 500000)
 211 words of extra memory for PDF output out of 10000 (max. 10000000)

