This is pdfTeX, Version 3.1415926-2.5-1.40.14 (MiKTeX 2.9 64-bit) (preloaded format=pdftex 2013.12.16)  24 JUL 2018 13:30
entering extended mode
**D:/My*Documents/Desktop/Nonlinear-Waves-over-Vortices-Git-Clone/Waves_Over_Pa
tches_Writeup/waves_over_vortices.bib

("D:/My Documents/Desktop/Nonlinear-Waves-over-Vortices-Git-Clone/Waves_Over_Pa
tches_Writeup/waves_over_vortices.bib"
Overfull \hbox (7.28767pt too wide) in paragraph at lines 1--9
\tenrm local for-mu-la-tion of wa-ter waves, JOUR-NAL=J. Fluid Mech., VOL-UME=5
62, PAGES=313--343, YEAR=2006|

\hbox(6.94444+1.94444)x469.75499, glue set - 1.0
.\tenrm l
.\tenrm o
.\kern0.27779
.\tenrm c
.\tenrm a
.etc.


Underfull \hbox (badness 10000) in paragraph at lines 1--9


\hbox(0.0+0.0)x469.75499
.\glue(\rightskip) 0.0


Overfull \hbox (10.9403pt too wide) in paragraph at lines 28--36
[]\tenrm @articlechen, AU-THOR=Q. Chen and J.T. Kirby and R.A. Dal-rym-ple and 
F. Shi and , TI-TLE=Boussinesq|

\hbox(6.94444+1.94444)x469.75499, glue set - 1.0
.\hbox(0.0+0.0)x20.0
.\tenrm @
.\tenrm a
.\tenrm r
.\tenrm t
.etc.


Overfull \hbox (6.90227pt too wide) in paragraph at lines 28--36
\tenrm mod-el-ing of long-shore cur-rents, JOUR-NAL = J. Geo-phys. Res., VOL-UM
E=108, PAGES=26--43, YEAR=2003|

\hbox(6.94444+1.94444)x469.75499, glue set - 1.0
.\tenrm m
.\tenrm o
.\kern0.27779
.\tenrm d
.\discretionary
..\tenrm -
.etc.


Underfull \hbox (badness 10000) in paragraph at lines 28--36


\hbox(0.0+0.0)x469.75499
.\glue(\rightskip) 0.0


Overfull \hbox (0.30133pt too wide) in paragraph at lines 98--106
[]\tenrm @articlecurtis, AU-THOR=C.W. Cur-tis and H. Kalisch, TI-TLE=Vortex Dy-
nam-ics in Free-Surface Flows,|

\hbox(6.94444+1.94444)x469.75499, glue set - 1.0
.\hbox(0.0+0.0)x20.0
.\tenrm @
.\tenrm a
.\tenrm r
.\tenrm t
.etc.


Overfull \hbox (28.38493pt too wide) in paragraph at lines 116--123
[]\tenrm @bookdrazen, AU-THOR=P. Drazin and W. Reid, TI-TLE=Hydrodynamic Sta-bi
l-ity, PUB-LISHER=Cambridge|

\hbox(6.94444+1.94444)x469.75499, glue set - 1.0
.\hbox(0.0+0.0)x20.0
.\tenrm @
.\tenrm b
.\kern0.27779
.\tenrm o
.etc.


Overfull \hbox (0.52849pt too wide) in paragraph at lines 133--141
\tenrm about a sub-merged point vor-tex, JOUR-NAL=J. Eng. Math., VOL-UME=19, PA
GES=139--155, YEAR=1985|

\hbox(6.94444+1.94444)x469.75499, glue set - 1.0
.\tenrm a
.\tenrm b
.\kern0.27779
.\tenrm o
.\tenrm u
.etc.


Underfull \hbox (badness 10000) in paragraph at lines 133--141


\hbox(0.0+0.0)x469.75499
.\glue(\rightskip) 0.0


Overfull \hbox (12.86174pt too wide) in paragraph at lines 142--150
\tenrm Non-lin-ear Wave Equa-tions with Lin-ear Dis-per-sion, JOUR-NAL=J. Comp.
 Phys., VOL-UME=155, PAGES=456--|

\hbox(6.94444+1.94444)x469.75499, glue set - 1.0
.\tenrm N
.\tenrm o
.\tenrm n
.\discretionary
..\tenrm -
.\tenrm l
.etc.

[1{C:/ProgramData/MiKTeX/2.9/pdftex/config/pdftex.map}]
! Missing $ inserted.
<inserted text> 
                $
<to be read again> 
                   _
l.239 @Article{Lannes2014_
                          1,
? 
! Emergency stop.
<inserted text> 
                $
<to be read again> 
                   _
l.239 @Article{Lannes2014_
                          1,
End of file on the terminal!

!  ==> Fatal error occurred, no output PDF file produced!
