This is pdfTeX, Version 3.1415926-2.5-1.40.14 (MiKTeX 2.9 64-bit) (preloaded format=pdflatex 2013.10.8)  13 DEC 2016 16:11
entering extended mode
**C:/Users/ccurtis/Google*Drive/waves_over_vortices/writeup_11_07_revisions/Cur
tisKalisch_11_23_16_revision.tex

("C:/Users/ccurtis/Google Drive/waves_over_vortices/writeup_11_07_revisions/Cur
tisKalisch_11_23_16_revision.tex"
LaTeX2e <2011/06/27>
Babel <v3.8m> and hyphenation patterns for english, afrikaans, ancientgreek, ar
abic, armenian, assamese, basque, bengali, bokmal, bulgarian, catalan, coptic, 
croatian, czech, danish, dutch, esperanto, estonian, farsi, finnish, french, ga
lician, german, german-x-2013-05-26, greek, gujarati, hindi, hungarian, iceland
ic, indonesian, interlingua, irish, italian, kannada, kurmanji, latin, latvian,
 lithuanian, malayalam, marathi, mongolian, mongolianlmc, monogreek, ngerman, n
german-x-2013-05-26, nynorsk, oriya, panjabi, pinyin, polish, portuguese, roman
ian, russian, sanskrit, serbian, slovak, slovenian, spanish, swedish, swissgerm
an, tamil, telugu, turkish, turkmen, ukenglish, ukrainian, uppersorbian, usengl
ishmax, welsh, loaded.
("C:\Program Files\MiKTeX 2.9\tex\latex\base\article.cls"
Document Class: article 2007/10/19 v1.4h Standard LaTeX document class
("C:\Program Files\MiKTeX 2.9\tex\latex\base\size11.clo"
File: size11.clo 2007/10/19 v1.4h Standard LaTeX file (size option)
)
\c@part=\count79
\c@section=\count80
\c@subsection=\count81
\c@subsubsection=\count82
\c@paragraph=\count83
\c@subparagraph=\count84
\c@figure=\count85
\c@table=\count86
\abovecaptionskip=\skip41
\belowcaptionskip=\skip42
\bibindent=\dimen102
)
("C:\Program Files\MiKTeX 2.9\tex\latex\amsmath\amsmath.sty"
Package: amsmath 2013/01/14 v2.14 AMS math features
\@mathmargin=\skip43

For additional information on amsmath, use the `?' option.
("C:\Program Files\MiKTeX 2.9\tex\latex\amsmath\amstext.sty"
Package: amstext 2000/06/29 v2.01

("C:\Program Files\MiKTeX 2.9\tex\latex\amsmath\amsgen.sty"
File: amsgen.sty 1999/11/30 v2.0
\@emptytoks=\toks14
\ex@=\dimen103
))
("C:\Program Files\MiKTeX 2.9\tex\latex\amsmath\amsbsy.sty"
Package: amsbsy 1999/11/29 v1.2d
\pmbraise@=\dimen104
)
("C:\Program Files\MiKTeX 2.9\tex\latex\amsmath\amsopn.sty"
Package: amsopn 1999/12/14 v2.01 operator names
)
\inf@bad=\count87
LaTeX Info: Redefining \frac on input line 210.
\uproot@=\count88
\leftroot@=\count89
LaTeX Info: Redefining \overline on input line 306.
\classnum@=\count90
\DOTSCASE@=\count91
LaTeX Info: Redefining \ldots on input line 378.
LaTeX Info: Redefining \dots on input line 381.
LaTeX Info: Redefining \cdots on input line 466.
\Mathstrutbox@=\box26
\strutbox@=\box27
\big@size=\dimen105
LaTeX Font Info:    Redeclaring font encoding OML on input line 566.
LaTeX Font Info:    Redeclaring font encoding OMS on input line 567.
\macc@depth=\count92
\c@MaxMatrixCols=\count93
\dotsspace@=\muskip10
\c@parentequation=\count94
\dspbrk@lvl=\count95
\tag@help=\toks15
\row@=\count96
\column@=\count97
\maxfields@=\count98
\andhelp@=\toks16
\eqnshift@=\dimen106
\alignsep@=\dimen107
\tagshift@=\dimen108
\tagwidth@=\dimen109
\totwidth@=\dimen110
\lineht@=\dimen111
\@envbody=\toks17
\multlinegap=\skip44
\multlinetaggap=\skip45
\mathdisplay@stack=\toks18
LaTeX Info: Redefining \[ on input line 2665.
LaTeX Info: Redefining \] on input line 2666.
)
("C:\Program Files\MiKTeX 2.9\tex\latex\amsfonts\amssymb.sty"
Package: amssymb 2013/01/14 v3.01 AMS font symbols

("C:\Program Files\MiKTeX 2.9\tex\latex\amsfonts\amsfonts.sty"
Package: amsfonts 2013/01/14 v3.01 Basic AMSFonts support
\symAMSa=\mathgroup4
\symAMSb=\mathgroup5
LaTeX Font Info:    Overwriting math alphabet `\mathfrak' in version `bold'
(Font)                  U/euf/m/n --> U/euf/b/n on input line 106.
))
("C:\Program Files\MiKTeX 2.9\tex\latex\amscls\amsthm.sty"
Package: amsthm 2004/08/06 v2.20
\thm@style=\toks19
\thm@bodyfont=\toks20
\thm@headfont=\toks21
\thm@notefont=\toks22
\thm@headpunct=\toks23
\thm@preskip=\skip46
\thm@postskip=\skip47
\thm@headsep=\skip48
\dth@everypar=\toks24
)
("C:\Program Files\MiKTeX 2.9\tex\latex\graphics\graphicx.sty"
Package: graphicx 1999/02/16 v1.0f Enhanced LaTeX Graphics (DPC,SPQR)

("C:\Program Files\MiKTeX 2.9\tex\latex\graphics\keyval.sty"
Package: keyval 1999/03/16 v1.13 key=value parser (DPC)
\KV@toks@=\toks25
)
("C:\Program Files\MiKTeX 2.9\tex\latex\graphics\graphics.sty"
Package: graphics 2009/02/05 v1.0o Standard LaTeX Graphics (DPC,SPQR)

("C:\Program Files\MiKTeX 2.9\tex\latex\graphics\trig.sty"
Package: trig 1999/03/16 v1.09 sin cos tan (DPC)
)
("C:\Program Files\MiKTeX 2.9\tex\latex\00miktex\graphics.cfg"
File: graphics.cfg 2007/01/18 v1.5 graphics configuration of teTeX/TeXLive
)
Package graphics Info: Driver file: pdftex.def on input line 91.

("C:\Program Files\MiKTeX 2.9\tex\latex\pdftex-def\pdftex.def"
File: pdftex.def 2011/05/27 v0.06d Graphics/color for pdfTeX

("C:\Program Files\MiKTeX 2.9\tex\generic\oberdiek\infwarerr.sty"
Package: infwarerr 2010/04/08 v1.3 Providing info/warning/error messages (HO)
)
("C:\Program Files\MiKTeX 2.9\tex\generic\oberdiek\ltxcmds.sty"
Package: ltxcmds 2011/11/09 v1.22 LaTeX kernel commands for general use (HO)
)
\Gread@gobject=\count99
))
\Gin@req@height=\dimen112
\Gin@req@width=\dimen113
)
("C:\Program Files\MiKTeX 2.9\tex\latex\caption\caption.sty"
Package: caption 2013/05/02 v3.3-89 Customizing captions (AR)

("C:\Program Files\MiKTeX 2.9\tex\latex\caption\caption3.sty"
Package: caption3 2013/05/02 v1.6-88 caption3 kernel (AR)
Package caption3 Info: TeX engine: e-TeX on input line 57.
\captionmargin=\dimen114
\captionmargin@=\dimen115
\captionwidth=\dimen116
\caption@tempdima=\dimen117
\caption@indent=\dimen118
\caption@parindent=\dimen119
\caption@hangindent=\dimen120
)
\c@ContinuedFloat=\count100
)
("C:\Program Files\MiKTeX 2.9\tex\latex\caption\subcaption.sty"
Package: subcaption 2013/02/03 v1.1-62 Sub-captions (AR)
\c@subfigure=\count101
\c@subtable=\count102
)
\c@thm=\count103
\c@lem=\count104

("C:\Users\ccurtis\Google Drive\waves_over_vortices\writeup_11_07_revisions\Cur
tisKalisch_11_23_16_revision.aux")
LaTeX Font Info:    Checking defaults for OML/cmm/m/it on input line 77.
LaTeX Font Info:    ... okay on input line 77.
LaTeX Font Info:    Checking defaults for T1/cmr/m/n on input line 77.
LaTeX Font Info:    ... okay on input line 77.
LaTeX Font Info:    Checking defaults for OT1/cmr/m/n on input line 77.
LaTeX Font Info:    ... okay on input line 77.
LaTeX Font Info:    Checking defaults for OMS/cmsy/m/n on input line 77.
LaTeX Font Info:    ... okay on input line 77.
LaTeX Font Info:    Checking defaults for OMX/cmex/m/n on input line 77.
LaTeX Font Info:    ... okay on input line 77.
LaTeX Font Info:    Checking defaults for U/cmr/m/n on input line 77.
LaTeX Font Info:    ... okay on input line 77.

("C:\Program Files\MiKTeX 2.9\tex\context\base\supp-pdf.mkii"
[Loading MPS to PDF converter (version 2006.09.02).]
\scratchcounter=\count105
\scratchdimen=\dimen121
\scratchbox=\box28
\nofMPsegments=\count106
\nofMParguments=\count107
\everyMPshowfont=\toks26
\MPscratchCnt=\count108
\MPscratchDim=\dimen122
\MPnumerator=\count109
\makeMPintoPDFobject=\count110
\everyMPtoPDFconversion=\toks27
)
Package caption Info: Begin \AtBeginDocument code.
Package caption Info: End \AtBeginDocument code.
LaTeX Font Info:    Try loading font information for U+msa on input line 78.
 ("C:\Program Files\MiKTeX 2.9\tex\latex\amsfonts\umsa.fd"
File: umsa.fd 2013/01/14 v3.01 AMS symbols A
)
LaTeX Font Info:    Try loading font information for U+msb on input line 78.

("C:\Program Files\MiKTeX 2.9\tex\latex\amsfonts\umsb.fd"
File: umsb.fd 2013/01/14 v3.01 AMS symbols B
) [1

{C:/ProgramData/MiKTeX/2.9/pdftex/config/pdftex.map}] [2]
<CurtisKalisch_Vortices.pdf, id=16, 512.91624pt x 372.39125pt>
File: CurtisKalisch_Vortices.pdf Graphic file (type pdf)

<use CurtisKalisch_Vortices.pdf>
Package pdftex.def Info: CurtisKalisch_Vortices.pdf used on input line 123.
(pdftex.def)             Requested size: 234.73523pt x 170.42699pt.
 [3 <C:/Users/ccurtis/Google Drive/waves_over_vortices/writeup_11_07_revisions/
CurtisKalisch_Vortices.pdf>] [4] [5] [6]
[7] [8] [9] [10] <conv_plot_tf_12.pdf, id=55, 721.69624pt x 432.61626pt>
File: conv_plot_tf_12.pdf Graphic file (type pdf)

<use conv_plot_tf_12.pdf>
Package pdftex.def Info: conv_plot_tf_12.pdf used on input line 448.
(pdftex.def)             Requested size: 225.34381pt x 135.08002pt.

<conv_plot_mupt4_tf_12.pdf, id=56, 721.69624pt x 432.61626pt>
File: conv_plot_mupt4_tf_12.pdf Graphic file (type pdf)

<use conv_plot_mupt4_tf_12.pdf>
Package pdftex.def Info: conv_plot_mupt4_tf_12.pdf used on input line 457.
(pdftex.def)             Requested size: 225.34381pt x 135.08002pt.

<conv_plot_mupt4_gampt4_tf_12.pdf, id=57, 721.69624pt x 474.77374pt>
File: conv_plot_mupt4_gampt4_tf_12.pdf Graphic file (type pdf)

<use conv_plot_mupt4_gampt4_tf_12.pdf>
Package pdftex.def Info: conv_plot_mupt4_gampt4_tf_12.pdf used on input line 45
7.
(pdftex.def)             Requested size: 225.34381pt x 148.24327pt.

Overfull \hbox (5.21716pt too wide) in paragraph at lines 456--459
 [][] 
 []


LaTeX Warning: `h' float specifier changed to `ht'.

[11 <C:/Users/ccurtis/Google Drive/waves_over_vortices/writeup_11_07_revisions/
conv_plot_tf_12.pdf>] [12 <C:/Users/ccurtis/Google Drive/waves_over_vortices/wr
iteup_11_07_revisions/conv_plot_mupt4_tf_12.pdf> <C:/Users/ccurtis/Google Drive
/waves_over_vortices/writeup_11_07_revisions/conv_plot_mupt4_gampt4_tf_12.pdf>]
[13] <leftside_cnoid_tracks.pdf, id=90, 826.08624pt x 353.32pt>
File: leftside_cnoid_tracks.pdf Graphic file (type pdf)

<use leftside_cnoid_tracks.pdf>
Package pdftex.def Info: leftside_cnoid_tracks.pdf used on input line 527.
(pdftex.def)             Requested size: 225.34381pt x 96.37888pt.

<rightside_cnoid_tracks.pdf, id=91, 826.08624pt x 353.32pt>
File: rightside_cnoid_tracks.pdf Graphic file (type pdf)

<use rightside_cnoid_tracks.pdf>
Package pdftex.def Info: rightside_cnoid_tracks.pdf used on input line 528.
(pdftex.def)             Requested size: 225.34381pt x 96.37888pt.

<surf_resp_cnoid_mu_pt2_F_pt02_tf_5NEW.pdf, id=92, 826.08624pt x 353.32pt>
File: surf_resp_cnoid_mu_pt2_F_pt02_tf_5NEW.pdf Graphic file (type pdf)

<use surf_resp_cnoid_mu_pt2_F_pt02_tf_5NEW.pdf>
Package pdftex.def Info: surf_resp_cnoid_mu_pt2_F_pt02_tf_5NEW.pdf used on inpu
t line 529.
(pdftex.def)             Requested size: 225.34381pt x 96.37888pt.

<surf_resp_cnoid_mu_pt2_F_pt2_tf_5NEW.pdf, id=93, 826.08624pt x 353.32pt>
File: surf_resp_cnoid_mu_pt2_F_pt2_tf_5NEW.pdf Graphic file (type pdf)

<use surf_resp_cnoid_mu_pt2_F_pt2_tf_5NEW.pdf>
Package pdftex.def Info: surf_resp_cnoid_mu_pt2_F_pt2_tf_5NEW.pdf used on input
 line 530.
(pdftex.def)             Requested size: 225.34381pt x 96.37888pt.

Overfull \hbox (5.21716pt too wide) in paragraph at lines 526--532
 [][] 
 []


LaTeX Warning: `h' float specifier changed to `ht'.

[14] <froude_lin.pdf, id=97, 721.69624pt x 474.77374pt>
File: froude_lin.pdf Graphic file (type pdf)
 <use froude_lin.pdf>
Package pdftex.def Info: froude_lin.pdf used on input line 568.
(pdftex.def)             Requested size: 215.95955pt x 142.071pt.

<lin_response_tf_pt5.pdf, id=98, 721.69624pt x 432.61626pt>
File: lin_response_tf_pt5.pdf Graphic file (type pdf)

<use lin_response_tf_pt5.pdf>
Package pdftex.def Info: lin_response_tf_pt5.pdf used on input line 568.
(pdftex.def)             Requested size: 234.73523pt x 140.71083pt.

Overfull \hbox (5.22432pt too wide) in paragraph at lines 567--570
 [][] 
 []


LaTeX Warning: `!h' float specifier changed to `!ht'.

[15 <C:/Users/ccurtis/Google Drive/waves_over_vortices/writeup_11_07_revisions/
leftside_cnoid_tracks.pdf> <C:/Users/ccurtis/Google Drive/waves_over_vortices/w
riteup_11_07_revisions/rightside_cnoid_tracks.pdf> <C:/Users/ccurtis/Google Dri
ve/waves_over_vortices/writeup_11_07_revisions/surf_resp_cnoid_mu_pt2_F_pt02_tf
_5NEW.pdf> <C:/Users/ccurtis/Google Drive/waves_over_vortices/writeup_11_07_rev
isions/surf_resp_cnoid_mu_pt2_F_pt2_tf_5NEW.pdf>]
<froude_comp_pm.pdf, id=122, 721.69624pt x 432.61626pt>
File: froude_comp_pm.pdf Graphic file (type pdf)

<use froude_comp_pm.pdf>
Package pdftex.def Info: froude_comp_pm.pdf used on input line 582.
(pdftex.def)             Requested size: 234.73523pt x 140.71083pt.
 <zmb_pm.pdf, id=123, 721.69624pt x 432.61626pt>
File: zmb_pm.pdf Graphic file (type pdf)

<use zmb_pm.pdf>
Package pdftex.def Info: zmb_pm.pdf used on input line 583.
(pdftex.def)             Requested size: 234.73523pt x 140.71083pt.

Overfull \hbox (24.0pt too wide) in paragraph at lines 581--585
 [][] 
 []


LaTeX Warning: `!h' float specifier changed to `!ht'.

<surf_resp_mu_pt2_F_pt2.pdf, id=124, 826.08624pt x 383.4325pt>
File: surf_resp_mu_pt2_F_pt2.pdf Graphic file (type pdf)

<use surf_resp_mu_pt2_F_pt2.pdf>
Package pdftex.def Info: surf_resp_mu_pt2_F_pt2.pdf used on input line 594.
(pdftex.def)             Requested size: 234.73523pt x 108.95175pt.

<tracks_F_pt2_tf_9.pdf, id=125, 826.08624pt x 353.32pt>
File: tracks_F_pt2_tf_9.pdf Graphic file (type pdf)

<use tracks_F_pt2_tf_9.pdf>
Package pdftex.def Info: tracks_F_pt2_tf_9.pdf used on input line 595.
(pdftex.def)             Requested size: 234.73523pt x 100.39532pt.

Overfull \hbox (24.0pt too wide) in paragraph at lines 593--597
 [][] 
 []

<energy_profile_mu_pt2_F_pt2_tv.pdf, id=126, 721.69624pt x 432.61626pt>
File: energy_profile_mu_pt2_F_pt2_tv.pdf Graphic file (type pdf)

<use energy_profile_mu_pt2_F_pt2_tv.pdf>
Package pdftex.def Info: energy_profile_mu_pt2_F_pt2_tv.pdf used on input line 
603.
(pdftex.def)             Requested size: 281.68513pt x 168.85168pt.


LaTeX Warning: `!h' float specifier changed to `!ht'.


LaTeX Warning: `!h' float specifier changed to `!ht'.

[16 <C:/Users/ccurtis/Google Drive/waves_over_vortices/writeup_11_07_revisions/
froude_lin.pdf> <C:/Users/ccurtis/Google Drive/waves_over_vortices/writeup_11_0
7_revisions/lin_response_tf_pt5.pdf>]
<froude_comp_ppmm.pdf, id=141, 721.69624pt x 432.61626pt>
File: froude_comp_ppmm.pdf Graphic file (type pdf)

<use froude_comp_ppmm.pdf>
Package pdftex.def Info: froude_comp_ppmm.pdf used on input line 621.
(pdftex.def)             Requested size: 234.73523pt x 140.71083pt.

<froude_comp_ppmm_sym.pdf, id=142, 721.69624pt x 432.61626pt>
File: froude_comp_ppmm_sym.pdf Graphic file (type pdf)

<use froude_comp_ppmm_sym.pdf>
Package pdftex.def Info: froude_comp_ppmm_sym.pdf used on input line 621.
(pdftex.def)             Requested size: 234.73523pt x 140.71083pt.

<zmb_ppmm.pdf, id=143, 721.69624pt x 474.77374pt>
File: zmb_ppmm.pdf Graphic file (type pdf)
 <use zmb_ppmm.pdf>
Package pdftex.def Info: zmb_ppmm.pdf used on input line 622.
(pdftex.def)             Requested size: 234.73523pt x 154.42279pt.

<zmb_ppmm_sym.pdf, id=144, 721.69624pt x 474.77374pt>
File: zmb_ppmm_sym.pdf Graphic file (type pdf)
 <use zmb_ppmm_sym.pdf>
Package pdftex.def Info: zmb_ppmm_sym.pdf used on input line 622.
(pdftex.def)             Requested size: 234.73523pt x 154.42279pt.

Overfull \hbox (24.0pt too wide) in paragraph at lines 620--624
 [][] 
 []

[17 <C:/Users/ccurtis/Google Drive/waves_over_vortices/writeup_11_07_revisions/
froude_comp_pm.pdf> <C:/Users/ccurtis/Google Drive/waves_over_vortices/writeup_
11_07_revisions/zmb_pm.pdf> <C:/Users/ccurtis/Google Drive/waves_over_vortices/
writeup_11_07_revisions/surf_resp_mu_pt2_F_pt2.pdf> <C:/Users/ccurtis/Google Dr
ive/waves_over_vortices/writeup_11_07_revisions/tracks_F_pt2_tf_9.pdf>]

LaTeX Warning: `!h' float specifier changed to `!ht'.

<surf_resp_mu_pt2_F_pt2_ppmm.pdf, id=168, 721.69624pt x 432.61626pt>
File: surf_resp_mu_pt2_F_pt2_ppmm.pdf Graphic file (type pdf)

<use surf_resp_mu_pt2_F_pt2_ppmm.pdf>
Package pdftex.def Info: surf_resp_mu_pt2_F_pt2_ppmm.pdf used on input line 633
.
(pdftex.def)             Requested size: 234.73523pt x 140.71083pt.

<surf_resp_mu_pt2_F_pt2_ppmm_sym.pdf, id=169, 721.69624pt x 432.61626pt>
File: surf_resp_mu_pt2_F_pt2_ppmm_sym.pdf Graphic file (type pdf)

<use surf_resp_mu_pt2_F_pt2_ppmm_sym.pdf>
Package pdftex.def Info: surf_resp_mu_pt2_F_pt2_ppmm_sym.pdf used on input line
 634.
(pdftex.def)             Requested size: 234.73523pt x 140.71083pt.

Overfull \hbox (24.0pt too wide) in paragraph at lines 632--636
 [][] 
 []

<tracks_F_pt2_tf_6_ppmm.pdf, id=170, 721.69624pt x 432.61626pt>
File: tracks_F_pt2_tf_6_ppmm.pdf Graphic file (type pdf)

<use tracks_F_pt2_tf_6_ppmm.pdf>
Package pdftex.def Info: tracks_F_pt2_tf_6_ppmm.pdf used on input line 643.
(pdftex.def)             Requested size: 234.73523pt x 140.71083pt.

<tracks_F_pt2_tf_3pt2_ppmm_sym.pdf, id=171, 721.69624pt x 432.61626pt>
File: tracks_F_pt2_tf_3pt2_ppmm_sym.pdf Graphic file (type pdf)

<use tracks_F_pt2_tf_3pt2_ppmm_sym.pdf>
Package pdftex.def Info: tracks_F_pt2_tf_3pt2_ppmm_sym.pdf used on input line 6
44.
(pdftex.def)             Requested size: 234.73523pt x 140.71083pt.

Overfull \hbox (24.0pt too wide) in paragraph at lines 642--646
 [][] 
 []

<energy_profile_mu_pt2_F_pt2_ppmm.pdf, id=172, 721.69624pt x 432.61626pt>
File: energy_profile_mu_pt2_F_pt2_ppmm.pdf Graphic file (type pdf)

<use energy_profile_mu_pt2_F_pt2_ppmm.pdf>
Package pdftex.def Info: energy_profile_mu_pt2_F_pt2_ppmm.pdf used on input lin
e 653.
(pdftex.def)             Requested size: 234.73523pt x 140.71083pt.

<energy_profile_mu_pt2_F_pt2_ppmm_sym.pdf, id=173, 721.69624pt x 432.61626pt>
File: energy_profile_mu_pt2_F_pt2_ppmm_sym.pdf Graphic file (type pdf)

<use energy_profile_mu_pt2_F_pt2_ppmm_sym.pdf>
Package pdftex.def Info: energy_profile_mu_pt2_F_pt2_ppmm_sym.pdf used on input
 line 654.
(pdftex.def)             Requested size: 234.73523pt x 140.71083pt.

Overfull \hbox (24.0pt too wide) in paragraph at lines 652--656
 [][] 
 []


LaTeX Warning: `!h' float specifier changed to `!ht'.


LaTeX Warning: `!h' float specifier changed to `!ht'.


LaTeX Warning: `!h' float specifier changed to `!ht'.

[18 <C:/Users/ccurtis/Google Drive/waves_over_vortices/writeup_11_07_revisions/
energy_profile_mu_pt2_F_pt2_tv.pdf>] [19 <C:/Users/ccurtis/Google Drive/waves_o
ver_vortices/writeup_11_07_revisions/froude_comp_ppmm.pdf> <C:/Users/ccurtis/Go
ogle Drive/waves_over_vortices/writeup_11_07_revisions/froude_comp_ppmm_sym.pdf
> <C:/Users/ccurtis/Google Drive/waves_over_vortices/writeup_11_07_revisions/zm
b_ppmm.pdf> <C:/Users/ccurtis/Google Drive/waves_over_vortices/writeup_11_07_re
visions/zmb_ppmm_sym.pdf> <C:/Users/ccurtis/Google Drive/waves_over_vortices/wr
iteup_11_07_revisions/surf_resp_mu_pt2_F_pt2_ppmm.pdf> <C:/Users/ccurtis/Google
 Drive/waves_over_vortices/writeup_11_07_revisions/surf_resp_mu_pt2_F_pt2_ppmm_
sym.pdf>] <froude_comp_pmmp.pdf, id=222, 721.69624pt x 432.61626pt>
File: froude_comp_pmmp.pdf Graphic file (type pdf)

<use froude_comp_pmmp.pdf>
Package pdftex.def Info: froude_comp_pmmp.pdf used on input line 673.
(pdftex.def)             Requested size: 234.73523pt x 140.71083pt.

<froude_comp_pmmp_sym.pdf, id=223, 721.69624pt x 432.61626pt>
File: froude_comp_pmmp_sym.pdf Graphic file (type pdf)

<use froude_comp_pmmp_sym.pdf>
Package pdftex.def Info: froude_comp_pmmp_sym.pdf used on input line 673.
(pdftex.def)             Requested size: 234.73523pt x 140.71083pt.

<zmb_pmmp.pdf, id=224, 721.69624pt x 432.61626pt>
File: zmb_pmmp.pdf Graphic file (type pdf)
 <use zmb_pmmp.pdf>
Package pdftex.def Info: zmb_pmmp.pdf used on input line 674.
(pdftex.def)             Requested size: 234.73523pt x 140.71083pt.

<zmb_pmmp_sym.pdf, id=225, 721.69624pt x 432.61626pt>
File: zmb_pmmp_sym.pdf Graphic file (type pdf)
 <use zmb_pmmp_sym.pdf>
Package pdftex.def Info: zmb_pmmp_sym.pdf used on input line 674.
(pdftex.def)             Requested size: 234.73523pt x 140.71083pt.

Overfull \hbox (24.0pt too wide) in paragraph at lines 672--676
 [][] 
 []


LaTeX Warning: `!h' float specifier changed to `!ht'.

<surf_resp_mu_pt2_F_pt2_pmmp.pdf, id=226, 721.69624pt x 474.77374pt>
File: surf_resp_mu_pt2_F_pt2_pmmp.pdf Graphic file (type pdf)

<use surf_resp_mu_pt2_F_pt2_pmmp.pdf>
Package pdftex.def Info: surf_resp_mu_pt2_F_pt2_pmmp.pdf used on input line 684
.
(pdftex.def)             Requested size: 234.73523pt x 154.42279pt.

<surf_resp_mu_pt2_F_pt2_pmmp_sym.pdf, id=227, 721.69624pt x 474.77374pt>
File: surf_resp_mu_pt2_F_pt2_pmmp_sym.pdf Graphic file (type pdf)

<use surf_resp_mu_pt2_F_pt2_pmmp_sym.pdf>
Package pdftex.def Info: surf_resp_mu_pt2_F_pt2_pmmp_sym.pdf used on input line
 685.
(pdftex.def)             Requested size: 234.73523pt x 154.42279pt.

Overfull \hbox (24.0pt too wide) in paragraph at lines 683--687
 [][] 
 []

<tracks_F_pt2_tf_4_pmmp.pdf, id=228, 721.69624pt x 474.77374pt>
File: tracks_F_pt2_tf_4_pmmp.pdf Graphic file (type pdf)

<use tracks_F_pt2_tf_4_pmmp.pdf>
Package pdftex.def Info: tracks_F_pt2_tf_4_pmmp.pdf used on input line 694.
(pdftex.def)             Requested size: 234.73523pt x 154.42279pt.

<tracks_F_pt2_tf_5_pmmp_sym.pdf, id=229, 721.69624pt x 474.77374pt>
File: tracks_F_pt2_tf_5_pmmp_sym.pdf Graphic file (type pdf)

<use tracks_F_pt2_tf_5_pmmp_sym.pdf>
Package pdftex.def Info: tracks_F_pt2_tf_5_pmmp_sym.pdf used on input line 695.

(pdftex.def)             Requested size: 234.73523pt x 154.42279pt.

Overfull \hbox (24.0pt too wide) in paragraph at lines 693--697
 [][] 
 []

[20 <C:/Users/ccurtis/Google Drive/waves_over_vortices/writeup_11_07_revisions/
tracks_F_pt2_tf_6_ppmm.pdf> <C:/Users/ccurtis/Google Drive/waves_over_vortices/
writeup_11_07_revisions/tracks_F_pt2_tf_3pt2_ppmm_sym.pdf> <C:/Users/ccurtis/Go
ogle Drive/waves_over_vortices/writeup_11_07_revisions/energy_profile_mu_pt2_F_
pt2_ppmm.pdf> <C:/Users/ccurtis/Google Drive/waves_over_vortices/writeup_11_07_
revisions/energy_profile_mu_pt2_F_pt2_ppmm_sym.pdf>]

LaTeX Warning: `!h' float specifier changed to `!ht'.


LaTeX Warning: `!h' float specifier changed to `!ht'.

<energy_profile_mu_pt2_F_pt2_pmmp.pdf, id=249, 721.69624pt x 432.61626pt>
File: energy_profile_mu_pt2_F_pt2_pmmp.pdf Graphic file (type pdf)

<use energy_profile_mu_pt2_F_pt2_pmmp.pdf>
Package pdftex.def Info: energy_profile_mu_pt2_F_pt2_pmmp.pdf used on input lin
e 704.
(pdftex.def)             Requested size: 234.73523pt x 140.71083pt.

<energy_profile_mu_pt2_F_pt2_pmmp_sym.pdf, id=250, 721.69624pt x 432.61626pt>
File: energy_profile_mu_pt2_F_pt2_pmmp_sym.pdf Graphic file (type pdf)

<use energy_profile_mu_pt2_F_pt2_pmmp_sym.pdf>
Package pdftex.def Info: energy_profile_mu_pt2_F_pt2_pmmp_sym.pdf used on input
 line 705.
(pdftex.def)             Requested size: 234.73523pt x 140.71083pt.

Overfull \hbox (24.0pt too wide) in paragraph at lines 703--707
 [][] 
 []


LaTeX Warning: `!h' float specifier changed to `!ht'.

<froude_comp_pmpm.pdf, id=251, 721.69624pt x 432.61626pt>
File: froude_comp_pmpm.pdf Graphic file (type pdf)

<use froude_comp_pmpm.pdf>
Package pdftex.def Info: froude_comp_pmpm.pdf used on input line 722.
(pdftex.def)             Requested size: 234.73523pt x 140.71083pt.

<froude_comp_pmpm_sym.pdf, id=252, 721.69624pt x 432.61626pt>
File: froude_comp_pmpm_sym.pdf Graphic file (type pdf)

<use froude_comp_pmpm_sym.pdf>
Package pdftex.def Info: froude_comp_pmpm_sym.pdf used on input line 722.
(pdftex.def)             Requested size: 234.73523pt x 140.71083pt.

<zmb_pmpm.pdf, id=253, 721.69624pt x 432.61626pt>
File: zmb_pmpm.pdf Graphic file (type pdf)
 <use zmb_pmpm.pdf>
Package pdftex.def Info: zmb_pmpm.pdf used on input line 723.
(pdftex.def)             Requested size: 234.73523pt x 140.71083pt.

<zmb_pmpm_sym.pdf, id=254, 721.69624pt x 474.77374pt>
File: zmb_pmpm_sym.pdf Graphic file (type pdf)
 <use zmb_pmpm_sym.pdf>
Package pdftex.def Info: zmb_pmpm_sym.pdf used on input line 723.
(pdftex.def)             Requested size: 234.73523pt x 154.42279pt.

Overfull \hbox (24.0pt too wide) in paragraph at lines 721--725
 [][] 
 []

[21 <C:/Users/ccurtis/Google Drive/waves_over_vortices/writeup_11_07_revisions/
froude_comp_pmmp.pdf> <C:/Users/ccurtis/Google Drive/waves_over_vortices/writeu
p_11_07_revisions/froude_comp_pmmp_sym.pdf> <C:/Users/ccurtis/Google Drive/wave
s_over_vortices/writeup_11_07_revisions/zmb_pmmp.pdf> <C:/Users/ccurtis/Google 
Drive/waves_over_vortices/writeup_11_07_revisions/zmb_pmmp_sym.pdf>]

LaTeX Warning: `!h' float specifier changed to `!ht'.

<surf_resp_mu_pt2_F_pt2_pmpm.pdf, id=278, 721.69624pt x 432.61626pt>
File: surf_resp_mu_pt2_F_pt2_pmpm.pdf Graphic file (type pdf)

<use surf_resp_mu_pt2_F_pt2_pmpm.pdf>
Package pdftex.def Info: surf_resp_mu_pt2_F_pt2_pmpm.pdf used on input line 733
.
(pdftex.def)             Requested size: 234.73523pt x 140.71083pt.

<surf_resp_mu_pt2_F_pt2_pmpm_sym.pdf, id=279, 721.69624pt x 432.61626pt>
File: surf_resp_mu_pt2_F_pt2_pmpm_sym.pdf Graphic file (type pdf)

<use surf_resp_mu_pt2_F_pt2_pmpm_sym.pdf>
Package pdftex.def Info: surf_resp_mu_pt2_F_pt2_pmpm_sym.pdf used on input line
 734.
(pdftex.def)             Requested size: 234.73523pt x 140.71083pt.

Overfull \hbox (24.0pt too wide) in paragraph at lines 732--736
 [][] 
 []

<tracks_F_pt2_tf_4_pmpm.pdf, id=280, 721.69624pt x 432.61626pt>
File: tracks_F_pt2_tf_4_pmpm.pdf Graphic file (type pdf)

<use tracks_F_pt2_tf_4_pmpm.pdf>
Package pdftex.def Info: tracks_F_pt2_tf_4_pmpm.pdf used on input line 743.
(pdftex.def)             Requested size: 234.73523pt x 140.71083pt.

<tracks_F_pt2_tf_9_pmpm_sym.pdf, id=281, 721.69624pt x 432.61626pt>
File: tracks_F_pt2_tf_9_pmpm_sym.pdf Graphic file (type pdf)

<use tracks_F_pt2_tf_9_pmpm_sym.pdf>
Package pdftex.def Info: tracks_F_pt2_tf_9_pmpm_sym.pdf used on input line 744.

(pdftex.def)             Requested size: 234.73523pt x 140.71083pt.

Overfull \hbox (24.0pt too wide) in paragraph at lines 742--746
 [][] 
 []

[22 <C:/Users/ccurtis/Google Drive/waves_over_vortices/writeup_11_07_revisions/
surf_resp_mu_pt2_F_pt2_pmmp.pdf> <C:/Users/ccurtis/Google Drive/waves_over_vort
ices/writeup_11_07_revisions/surf_resp_mu_pt2_F_pt2_pmmp_sym.pdf> <C:/Users/ccu
rtis/Google Drive/waves_over_vortices/writeup_11_07_revisions/tracks_F_pt2_tf_4
_pmmp.pdf> <C:/Users/ccurtis/Google Drive/waves_over_vortices/writeup_11_07_rev
isions/tracks_F_pt2_tf_5_pmmp_sym.pdf>]

LaTeX Warning: Text page 23 contains only floats.

[23 <C:/Users/ccurtis/Google Drive/waves_over_vortices/writeup_11_07_revisions/
energy_profile_mu_pt2_F_pt2_pmmp.pdf> <C:/Users/ccurtis/Google Drive/waves_over
_vortices/writeup_11_07_revisions/energy_profile_mu_pt2_F_pt2_pmmp_sym.pdf> <C:
/Users/ccurtis/Google Drive/waves_over_vortices/writeup_11_07_revisions/froude_
comp_pmpm.pdf> <C:/Users/ccurtis/Google Drive/waves_over_vortices/writeup_11_07
_revisions/froude_comp_pmpm_sym.pdf> <C:/Users/ccurtis/Google Drive/waves_over_
vortices/writeup_11_07_revisions/zmb_pmpm.pdf> <C:/Users/ccurtis/Google Drive/w
aves_over_vortices/writeup_11_07_revisions/zmb_pmpm_sym.pdf>]
<energy_profile_mu_pt2_F_pt2_pmpm.pdf, id=342, 721.69624pt x 432.61626pt>
File: energy_profile_mu_pt2_F_pt2_pmpm.pdf Graphic file (type pdf)

<use energy_profile_mu_pt2_F_pt2_pmpm.pdf>
Package pdftex.def Info: energy_profile_mu_pt2_F_pt2_pmpm.pdf used on input lin
e 753.
(pdftex.def)             Requested size: 234.73523pt x 140.71083pt.

<energy_profile_mu_pt2_F_pt2_pmpm_sym.pdf, id=343, 721.69624pt x 432.61626pt>
File: energy_profile_mu_pt2_F_pt2_pmpm_sym.pdf Graphic file (type pdf)

<use energy_profile_mu_pt2_F_pt2_pmpm_sym.pdf>
Package pdftex.def Info: energy_profile_mu_pt2_F_pt2_pmpm_sym.pdf used on input
 line 754.
(pdftex.def)             Requested size: 234.73523pt x 140.71083pt.

Overfull \hbox (24.0pt too wide) in paragraph at lines 752--756
 [][] 
 []


LaTeX Warning: `!h' float specifier changed to `!ht'.

[24 <C:/Users/ccurtis/Google Drive/waves_over_vortices/writeup_11_07_revisions/
surf_resp_mu_pt2_F_pt2_pmpm.pdf> <C:/Users/ccurtis/Google Drive/waves_over_vort
ices/writeup_11_07_revisions/surf_resp_mu_pt2_F_pt2_pmpm_sym.pdf> <C:/Users/ccu
rtis/Google Drive/waves_over_vortices/writeup_11_07_revisions/tracks_F_pt2_tf_4
_pmpm.pdf> <C:/Users/ccurtis/Google Drive/waves_over_vortices/writeup_11_07_rev
isions/tracks_F_pt2_tf_9_pmpm_sym.pdf>] [25 <C:/Users/ccurtis/Google Drive/wave
s_over_vortices/writeup_11_07_revisions/energy_profile_mu_pt2_F_pt2_pmpm.pdf> <
C:/Users/ccurtis/Google Drive/waves_over_vortices/writeup_11_07_revisions/energ
y_profile_mu_pt2_F_pt2_pmpm_sym.pdf>] [26]
("C:\Users\ccurtis\Google Drive\waves_over_vortices\writeup_11_07_revisions\Cur
tisKalisch_11_23_16_revision.bbl" [27]) [28]
("C:\Users\ccurtis\Google Drive\waves_over_vortices\writeup_11_07_revisions\Cur
tisKalisch_11_23_16_revision.aux") ) 
Here is how much of TeX's memory you used:
 3541 strings out of 493921
 53943 string characters out of 3147276
 111320 words of memory out of 3000000
 6769 multiletter control sequences out of 15000+200000
 16657 words of font info for 64 fonts, out of 3000000 for 9000
 841 hyphenation exceptions out of 8191
 36i,15n,38p,1584b,350s stack positions out of 5000i,500n,10000p,200000b,50000s
<C:/Program Files/MiKTeX 2.9/fonts/type1/pu
blic/amsfonts/cm/cmbx10.pfb><C:/Program Files/MiKTeX 2.9/fonts/type1/public/ams
fonts/cm/cmbx12.pfb><C:/Program Files/MiKTeX 2.9/fonts/type1/public/amsfonts/cm
/cmbx8.pfb><C:/Program Files/MiKTeX 2.9/fonts/type1/public/amsfonts/cm/cmex10.p
fb><C:/Program Files/MiKTeX 2.9/fonts/type1/public/amsfonts/cm/cmmi10.pfb><C:/P
rogram Files/MiKTeX 2.9/fonts/type1/public/amsfonts/cm/cmmi12.pfb><C:/Program F
iles/MiKTeX 2.9/fonts/type1/public/amsfonts/cm/cmmi6.pfb><C:/Program Files/MiKT
eX 2.9/fonts/type1/public/amsfonts/cm/cmmi7.pfb><C:/Program Files/MiKTeX 2.9/fo
nts/type1/public/amsfonts/cm/cmmi8.pfb><C:/Program Files/MiKTeX 2.9/fonts/type1
/public/amsfonts/cm/cmr10.pfb><C:/Program Files/MiKTeX 2.9/fonts/type1/public/a
msfonts/cm/cmr12.pfb><C:/Program Files/MiKTeX 2.9/fonts/type1/public/amsfonts/c
m/cmr17.pfb><C:/Program Files/MiKTeX 2.9/fonts/type1/public/amsfonts/cm/cmr8.pf
b><C:/Program Files/MiKTeX 2.9/fonts/type1/public/amsfonts/cm/cmsy10.pfb><C:/Pr
ogram Files/MiKTeX 2.9/fonts/type1/public/amsfonts/cm/cmsy6.pfb><C:/Program Fil
es/MiKTeX 2.9/fonts/type1/public/amsfonts/cm/cmsy8.pfb><C:/Program Files/MiKTeX
 2.9/fonts/type1/public/amsfonts/cm/cmti10.pfb><C:/Program Files/MiKTeX 2.9/fon
ts/type1/public/amsfonts/cm/cmtt9.pfb><C:/Program Files/MiKTeX 2.9/fonts/type1/
public/amsfonts/symbols/msbm10.pfb>
Output written on CurtisKalisch_11_23_16_revision.pdf (28 pages, 762791 bytes).

PDF statistics:
 454 PDF objects out of 1000 (max. 8388607)
 0 named destinations out of 1000 (max. 500000)
 226 words of extra memory for PDF output out of 10000 (max. 10000000)

