This is pdfTeX, Version 3.14159265-2.6-1.40.16 (MiKTeX 2.9 64-bit) (preloaded format=pdflatex 2016.5.18)  2 SEP 2016 15:21
entering extended mode
**"C:/Users/Chris/Google Drive/waves_over_vortices/writeup_9_2/waves_over_vorti
ces_9_1.tex"

("C:/Users/Chris/Google Drive/waves_over_vortices/writeup_9_2/waves_over_vortic
es_9_1.tex"
LaTeX2e <2015/10/01> patch level 2
Babel <3.9n> and hyphenation patterns for 69 languages loaded.
("C:\Users\Chris\AppData\Local\Programs\MiKTeX 2.9\tex\latex\base\article.cls"
Document Class: article 2014/09/29 v1.4h Standard LaTeX document class
("C:\Users\Chris\AppData\Local\Programs\MiKTeX 2.9\tex\latex\base\size11.clo"
File: size11.clo 2014/09/29 v1.4h Standard LaTeX file (size option)
)
\c@part=\count79
\c@section=\count80
\c@subsection=\count81
\c@subsubsection=\count82
\c@paragraph=\count83
\c@subparagraph=\count84
\c@figure=\count85
\c@table=\count86
\abovecaptionskip=\skip41
\belowcaptionskip=\skip42
\bibindent=\dimen102
)
("C:\Users\Chris\AppData\Local\Programs\MiKTeX 2.9\tex\latex\amsmath\amsmath.st
y"
Package: amsmath 2013/01/14 v2.14 AMS math features
\@mathmargin=\skip43

For additional information on amsmath, use the `?' option.

("C:\Users\Chris\AppData\Local\Programs\MiKTeX 2.9\tex\latex\amsmath\amstext.st
y"
Package: amstext 2000/06/29 v2.01

("C:\Users\Chris\AppData\Local\Programs\MiKTeX 2.9\tex\latex\amsmath\amsgen.sty
"
File: amsgen.sty 1999/11/30 v2.0
\@emptytoks=\toks14
\ex@=\dimen103
))
("C:\Users\Chris\AppData\Local\Programs\MiKTeX 2.9\tex\latex\amsmath\amsbsy.sty
"
Package: amsbsy 1999/11/29 v1.2d
\pmbraise@=\dimen104
)
("C:\Users\Chris\AppData\Local\Programs\MiKTeX 2.9\tex\latex\amsmath\amsopn.sty
"
Package: amsopn 1999/12/14 v2.01 operator names
)
\inf@bad=\count87
LaTeX Info: Redefining \frac on input line 210.
\uproot@=\count88
\leftroot@=\count89
LaTeX Info: Redefining \overline on input line 306.
\classnum@=\count90
\DOTSCASE@=\count91
LaTeX Info: Redefining \ldots on input line 378.
LaTeX Info: Redefining \dots on input line 381.
LaTeX Info: Redefining \cdots on input line 466.
\Mathstrutbox@=\box26
\strutbox@=\box27
\big@size=\dimen105
LaTeX Font Info:    Redeclaring font encoding OML on input line 566.
LaTeX Font Info:    Redeclaring font encoding OMS on input line 567.
\macc@depth=\count92
\c@MaxMatrixCols=\count93
\dotsspace@=\muskip10
\c@parentequation=\count94
\dspbrk@lvl=\count95
\tag@help=\toks15
\row@=\count96
\column@=\count97
\maxfields@=\count98
\andhelp@=\toks16
\eqnshift@=\dimen106
\alignsep@=\dimen107
\tagshift@=\dimen108
\tagwidth@=\dimen109
\totwidth@=\dimen110
\lineht@=\dimen111
\@envbody=\toks17
\multlinegap=\skip44
\multlinetaggap=\skip45
\mathdisplay@stack=\toks18
LaTeX Info: Redefining \[ on input line 2665.
LaTeX Info: Redefining \] on input line 2666.
)
("C:\Users\Chris\AppData\Local\Programs\MiKTeX 2.9\tex\latex\amsfonts\amssymb.s
ty"
Package: amssymb 2013/01/14 v3.01 AMS font symbols

("C:\Users\Chris\AppData\Local\Programs\MiKTeX 2.9\tex\latex\amsfonts\amsfonts.
sty"
Package: amsfonts 2013/01/14 v3.01 Basic AMSFonts support
\symAMSa=\mathgroup4
\symAMSb=\mathgroup5
LaTeX Font Info:    Overwriting math alphabet `\mathfrak' in version `bold'
(Font)                  U/euf/m/n --> U/euf/b/n on input line 106.
))
("C:\Users\Chris\AppData\Local\Programs\MiKTeX 2.9\tex\latex\amscls\amsthm.sty"
Package: amsthm 2015/03/04 v2.20.2
\thm@style=\toks19
\thm@bodyfont=\toks20
\thm@headfont=\toks21
\thm@notefont=\toks22
\thm@headpunct=\toks23
\thm@preskip=\skip46
\thm@postskip=\skip47
\thm@headsep=\skip48
\dth@everypar=\toks24
)
("C:\Users\Chris\AppData\Local\Programs\MiKTeX 2.9\tex\latex\graphics\graphicx.
sty"
Package: graphicx 2014/10/28 v1.0g Enhanced LaTeX Graphics (DPC,SPQR)

("C:\Users\Chris\AppData\Local\Programs\MiKTeX 2.9\tex\latex\graphics\keyval.st
y"
Package: keyval 2014/10/28 v1.15 key=value parser (DPC)
\KV@toks@=\toks25
)
("C:\Users\Chris\AppData\Local\Programs\MiKTeX 2.9\tex\latex\graphics\graphics.
sty"
Package: graphics 2014/10/28 v1.0p Standard LaTeX Graphics (DPC,SPQR)

("C:\Users\Chris\AppData\Local\Programs\MiKTeX 2.9\tex\latex\graphics\trig.sty"
Package: trig 1999/03/16 v1.09 sin cos tan (DPC)
)
("C:\Users\Chris\AppData\Local\Programs\MiKTeX 2.9\tex\latex\00miktex\graphics.
cfg"
File: graphics.cfg 2007/01/18 v1.5 graphics configuration of teTeX/TeXLive
)
Package graphics Info: Driver file: pdftex.def on input line 94.

("C:\Users\Chris\AppData\Local\Programs\MiKTeX 2.9\tex\latex\pdftex-def\pdftex.
def"
File: pdftex.def 2011/05/27 v0.06d Graphics/color for pdfTeX

("C:\Users\Chris\AppData\Local\Programs\MiKTeX 2.9\tex\generic\oberdiek\infware
rr.sty"
Package: infwarerr 2010/04/08 v1.3 Providing info/warning/error messages (HO)
)
("C:\Users\Chris\AppData\Local\Programs\MiKTeX 2.9\tex\generic\oberdiek\ltxcmds
.sty"
Package: ltxcmds 2011/11/09 v1.22 LaTeX kernel commands for general use (HO)
)
\Gread@gobject=\count99
))
\Gin@req@height=\dimen112
\Gin@req@width=\dimen113
)
("C:\Users\Chris\AppData\Local\Programs\MiKTeX 2.9\tex\latex\caption\caption.st
y"
Package: caption 2016/02/21 v3.3-144 Customizing captions (AR)

("C:\Users\Chris\AppData\Local\Programs\MiKTeX 2.9\tex\latex\caption\caption3.s
ty"
Package: caption3 2016/02/04 v1.7-139 caption3 kernel (AR)
Package caption3 Info: TeX engine: e-TeX on input line 67.
\captionmargin=\dimen114
\captionmargin@=\dimen115
\captionwidth=\dimen116
\caption@tempdima=\dimen117
\caption@indent=\dimen118
\caption@parindent=\dimen119
\caption@hangindent=\dimen120
)
\c@ContinuedFloat=\count100
)
("C:\Users\Chris\AppData\Local\Programs\MiKTeX 2.9\tex\latex\caption\subcaption
.sty"
Package: subcaption 2016/02/20 v1.1-142 Sub-captions (AR)
\c@subfigure=\count101
\c@subtable=\count102
)
\c@thm=\count103
\c@lem=\count104
 (waves_over_vortices_9_1.aux)
\openout1 = `waves_over_vortices_9_1.aux'.

LaTeX Font Info:    Checking defaults for OML/cmm/m/it on input line 56.
LaTeX Font Info:    ... okay on input line 56.
LaTeX Font Info:    Checking defaults for T1/cmr/m/n on input line 56.
LaTeX Font Info:    ... okay on input line 56.
LaTeX Font Info:    Checking defaults for OT1/cmr/m/n on input line 56.
LaTeX Font Info:    ... okay on input line 56.
LaTeX Font Info:    Checking defaults for OMS/cmsy/m/n on input line 56.
LaTeX Font Info:    ... okay on input line 56.
LaTeX Font Info:    Checking defaults for OMX/cmex/m/n on input line 56.
LaTeX Font Info:    ... okay on input line 56.
LaTeX Font Info:    Checking defaults for U/cmr/m/n on input line 56.
LaTeX Font Info:    ... okay on input line 56.

("C:\Users\Chris\AppData\Local\Programs\MiKTeX 2.9\tex\context\base\supp-pdf.mk
ii"
[Loading MPS to PDF converter (version 2006.09.02).]
\scratchcounter=\count105
\scratchdimen=\dimen121
\scratchbox=\box28
\nofMPsegments=\count106
\nofMParguments=\count107
\everyMPshowfont=\toks26
\MPscratchCnt=\count108
\MPscratchDim=\dimen122
\MPnumerator=\count109
\makeMPintoPDFobject=\count110
\everyMPtoPDFconversion=\toks27
)
Package caption Info: Begin \AtBeginDocument code.
Package caption Info: End \AtBeginDocument code.
LaTeX Font Info:    Try loading font information for U+msa on input line 57.
 ("C:\Users\Chris\AppData\Local\Programs\MiKTeX 2.9\tex\latex\amsfonts\umsa.fd"
File: umsa.fd 2013/01/14 v3.01 AMS symbols A
)
LaTeX Font Info:    Try loading font information for U+msb on input line 57.
 ("C:\Users\Chris\AppData\Local\Programs\MiKTeX 2.9\tex\latex\amsfonts\umsb.fd"
File: umsb.fd 2013/01/14 v3.01 AMS symbols B
) [1

{C:/Users/Chris/AppData/Local/MiKTeX/2.9/pdftex/config/pdftex.map}]
[2] <surface_vortex.pdf, id=12, 601.24625pt x 836.12375pt>
File: surface_vortex.pdf Graphic file (type pdf)

<use surface_vortex.pdf>
Package pdftex.def Info: surface_vortex.pdf used on input line 78.
(pdftex.def)             Requested size: 126.0022pt x 175.22118pt.
 [3 <./surface_vortex.pdf>]
Overfull \hbox (37.48325pt too wide) in paragraph at lines 131--131
[] 
 []

[4] [5]
Overfull \hbox (6.16615pt too wide) detected at line 212
\OML/cmm/m/it/10.95 g[]\OT1/cmr/m/n/10.95 (1 + \OML/cmm/m/it/10.95 []\OT1/cmr/
m/n/10.95 )[] = [][] \OML/cmm/m/it/10.95 :
 []

[6]
Overfull \hbox (8.49599pt too wide) in paragraph at lines 221--221
[] 
 []


Overfull \hbox (1.46472pt too wide) in paragraph at lines 232--232
[] 
 []


Overfull \hbox (32.23685pt too wide) detected at line 240
\OML/cmm/m/it/10.95  [] \OT1/cmr/m/n/10.95 = [] [] [] \OML/cmm/m/it/10.95 ;
 []


Overfull \hbox (8.27177pt too wide) detected at line 252
[]\OT1/cmr/m/n/10.95 (\OML/cmm/m/it/10.95 x[]; z[]; t\OT1/cmr/m/n/10.95 ) = \OM
S/cmsy/m/n/10.95   [][] [][] \OML/cmm/m/it/10.95 dx;
 []

[7]
Overfull \hbox (4.55478pt too wide) detected at line 270
[]\OT1/cmr/m/n/10.95 (\OML/cmm/m/it/10.95 x[]; z[]; t\OT1/cmr/m/n/10.95 ) = \OM
S/cmsy/m/n/10.95   [][] [][] \OML/cmm/m/it/10.95 dx;
 []


Overfull \hbox (25.42041pt too wide) detected at line 274
[]\OT1/cmr/m/n/10.95 (\OML/cmm/m/it/10.95 x[]; z[]; t\OT1/cmr/m/n/10.95 ) = \OM
S/cmsy/m/n/10.95   [][] [][] \OML/cmm/m/it/10.95 dx;
 []

[8] [9] [10]
Overfull \hbox (22.91505pt too wide) in paragraph at lines 371--371
[] 
 []


Overfull \hbox (20.27031pt too wide) in paragraph at lines 413--413
[] 
 []

[11] [12] [13] [14] <leftside_cnoid_tracks.pdf, id=73, 826.08624pt x 353.32pt>
File: leftside_cnoid_tracks.pdf Graphic file (type pdf)

<use leftside_cnoid_tracks.pdf>
Package pdftex.def Info: leftside_cnoid_tracks.pdf used on input line 513.
(pdftex.def)             Requested size: 270.0pt x 115.47997pt.

<rightside_cnoid_tracks.pdf, id=74, 826.08624pt x 353.32pt>
File: rightside_cnoid_tracks.pdf Graphic file (type pdf)

<use rightside_cnoid_tracks.pdf>
Package pdftex.def Info: rightside_cnoid_tracks.pdf used on input line 519.
(pdftex.def)             Requested size: 270.0pt x 115.47997pt.

<surf_resp_cnoid_mu_pt2_F_pt02_tf_5.pdf, id=75, 826.08624pt x 383.4325pt>
File: surf_resp_cnoid_mu_pt2_F_pt02_tf_5.pdf Graphic file (type pdf)

<use surf_resp_cnoid_mu_pt2_F_pt02_tf_5.pdf>
Package pdftex.def Info: surf_resp_cnoid_mu_pt2_F_pt02_tf_5.pdf used on input l
ine 525.
(pdftex.def)             Requested size: 270.0pt x 125.32202pt.

<surf_resp_cnoid_mu_pt2_F_pt2_tf_5.pdf, id=76, 719.68875pt x 432.61626pt>
File: surf_resp_cnoid_mu_pt2_F_pt2_tf_5.pdf Graphic file (type pdf)

<use surf_resp_cnoid_mu_pt2_F_pt2_tf_5.pdf>
Package pdftex.def Info: surf_resp_cnoid_mu_pt2_F_pt2_tf_5.pdf used on input li
ne 531.
(pdftex.def)             Requested size: 284.53201pt x 156.48767pt.


LaTeX Warning: `!h' float specifier changed to `!ht'.


LaTeX Warning: `!h' float specifier changed to `!ht'.


LaTeX Warning: `!h' float specifier changed to `!ht'.


LaTeX Warning: `!h' float specifier changed to `!ht'.

[15] [16 <./leftside_cnoid_tracks.pdf> <./rightside_cnoid_tracks.pdf> <./surf_r
esp_cnoid_mu_pt2_F_pt02_tf_5.pdf>]
<lin_response_tf_pt5.pdf, id=96, 826.08624pt x 383.4325pt>
File: lin_response_tf_pt5.pdf Graphic file (type pdf)

<use lin_response_tf_pt5.pdf>
Package pdftex.def Info: lin_response_tf_pt5.pdf used on input line 552.
(pdftex.def)             Requested size: 270.0pt x 125.32202pt.

Overfull \hbox (6.42706pt too wide) in paragraph at lines 557--558
[]\OT1/cmr/m/n/10.95 To fur-ther ex-plore the role of non-lin-ear-ity, we now l
ook at longer timescales
 []

[17 <./surf_resp_cnoid_mu_pt2_F_pt2_tf_5.pdf> <./lin_response_tf_pt5.pdf>]
<surf_resp_mu_pt2_F_pt2.pdf, id=114, 826.08624pt x 383.4325pt>
File: surf_resp_mu_pt2_F_pt2.pdf Graphic file (type pdf)

<use surf_resp_mu_pt2_F_pt2.pdf>
Package pdftex.def Info: surf_resp_mu_pt2_F_pt2.pdf used on input line 562.
(pdftex.def)             Requested size: 270.0pt x 125.32202pt.

<pspec_mu_pt2_F_pt2_tf_9.pdf, id=115, 719.68875pt x 432.61626pt>
File: pspec_mu_pt2_F_pt2_tf_9.pdf Graphic file (type pdf)

<use pspec_mu_pt2_F_pt2_tf_9.pdf>
Package pdftex.def Info: pspec_mu_pt2_F_pt2_tf_9.pdf used on input line 568.
(pdftex.def)             Requested size: 270.0pt x 162.30331pt.

<energy_profile_mu_pt2_F_pt2_tv.pdf, id=116, 826.08624pt x 353.32pt>
File: energy_profile_mu_pt2_F_pt2_tv.pdf Graphic file (type pdf)

<use energy_profile_mu_pt2_F_pt2_tv.pdf>
Package pdftex.def Info: energy_profile_mu_pt2_F_pt2_tv.pdf used on input line 
574.
(pdftex.def)             Requested size: 270.0pt x 115.47997pt.

<tracks_F_pt2_tf_9.pdf, id=117, 826.08624pt x 353.32pt>
File: tracks_F_pt2_tf_9.pdf Graphic file (type pdf)

<use tracks_F_pt2_tf_9.pdf>
Package pdftex.def Info: tracks_F_pt2_tf_9.pdf used on input line 580.
(pdftex.def)             Requested size: 270.0pt x 115.47997pt.


LaTeX Warning: `!h' float specifier changed to `!ht'.


LaTeX Warning: `!h' float specifier changed to `!ht'.


LaTeX Warning: `!h' float specifier changed to `!ht'.

[18 <./surf_resp_mu_pt2_F_pt2.pdf>]

LaTeX Warning: Text page 19 contains only floats.

[19 <./pspec_mu_pt2_F_pt2_tf_9.pdf> <./energy_profile_mu_pt2_F_pt2_tv.pdf> <./t
racks_F_pt2_tf_9.pdf>]
<surf_resp_mu_pt2_F_pt2_ppmm.pdf, id=149, 826.08624pt x 383.4325pt>
File: surf_resp_mu_pt2_F_pt2_ppmm.pdf Graphic file (type pdf)

<use surf_resp_mu_pt2_F_pt2_ppmm.pdf>
Package pdftex.def Info: surf_resp_mu_pt2_F_pt2_ppmm.pdf used on input line 595
.
(pdftex.def)             Requested size: 270.0pt x 125.32202pt.

<tracks_F_pt2_tf_6_ppmm.pdf, id=150, 826.08624pt x 353.32pt>
File: tracks_F_pt2_tf_6_ppmm.pdf Graphic file (type pdf)

<use tracks_F_pt2_tf_6_ppmm.pdf>
Package pdftex.def Info: tracks_F_pt2_tf_6_ppmm.pdf used on input line 601.
(pdftex.def)             Requested size: 270.0pt x 115.47997pt.

<energy_profile_mu_pt2_F_pt2_ppmm.pdf, id=151, 826.08624pt x 383.4325pt>
File: energy_profile_mu_pt2_F_pt2_ppmm.pdf Graphic file (type pdf)

<use energy_profile_mu_pt2_F_pt2_ppmm.pdf>
Package pdftex.def Info: energy_profile_mu_pt2_F_pt2_ppmm.pdf used on input lin
e 607.
(pdftex.def)             Requested size: 270.0pt x 125.32202pt.


LaTeX Warning: `!h' float specifier changed to `!ht'.

<surf_resp_mu_pt2_F_pt2_pmmp.pdf, id=152, 826.08624pt x 383.4325pt>
File: surf_resp_mu_pt2_F_pt2_pmmp.pdf Graphic file (type pdf)

<use surf_resp_mu_pt2_F_pt2_pmmp.pdf>
Package pdftex.def Info: surf_resp_mu_pt2_F_pt2_pmmp.pdf used on input line 621
.
(pdftex.def)             Requested size: 270.0pt x 125.32202pt.

<tracks_F_pt2_tf_4_pmmp.pdf, id=153, 826.08624pt x 353.32pt>
File: tracks_F_pt2_tf_4_pmmp.pdf Graphic file (type pdf)

<use tracks_F_pt2_tf_4_pmmp.pdf>
Package pdftex.def Info: tracks_F_pt2_tf_4_pmmp.pdf used on input line 627.
(pdftex.def)             Requested size: 270.0pt x 115.47997pt.

<energy_profile_mu_pt2_F_pt2_pmmp.pdf, id=154, 826.08624pt x 383.4325pt>
File: energy_profile_mu_pt2_F_pt2_pmmp.pdf Graphic file (type pdf)

<use energy_profile_mu_pt2_F_pt2_pmmp.pdf>
Package pdftex.def Info: energy_profile_mu_pt2_F_pt2_pmmp.pdf used on input lin
e 633.
(pdftex.def)             Requested size: 270.0pt x 125.32202pt.
 [20 <./surf_resp_mu_pt2_F_pt2_ppmm.pdf> <./tracks_F_pt2_tf_6_ppmm.pdf>]

LaTeX Warning: `!h' float specifier changed to `!ht'.

[21 <./energy_profile_mu_pt2_F_pt2_ppmm.pdf> <./surf_resp_mu_pt2_F_pt2_pmmp.pdf
> <./tracks_F_pt2_tf_4_pmmp.pdf>]
<surf_resp_mu_pt2_F_pt2_pmpm.pdf, id=184, 826.08624pt x 383.4325pt>
File: surf_resp_mu_pt2_F_pt2_pmpm.pdf Graphic file (type pdf)

<use surf_resp_mu_pt2_F_pt2_pmpm.pdf>
Package pdftex.def Info: surf_resp_mu_pt2_F_pt2_pmpm.pdf used on input line 647
.
(pdftex.def)             Requested size: 270.0pt x 125.32202pt.

<tracks_F_pt2_tf_4_pmpm.pdf, id=185, 826.08624pt x 353.32pt>
File: tracks_F_pt2_tf_4_pmpm.pdf Graphic file (type pdf)

<use tracks_F_pt2_tf_4_pmpm.pdf>
Package pdftex.def Info: tracks_F_pt2_tf_4_pmpm.pdf used on input line 653.
(pdftex.def)             Requested size: 270.0pt x 115.47997pt.

<energy_profile_mu_pt2_F_pt2_pmpm.pdf, id=186, 826.08624pt x 383.4325pt>
File: energy_profile_mu_pt2_F_pt2_pmpm.pdf Graphic file (type pdf)

<use energy_profile_mu_pt2_F_pt2_pmpm.pdf>
Package pdftex.def Info: energy_profile_mu_pt2_F_pt2_pmpm.pdf used on input lin
e 659.
(pdftex.def)             Requested size: 270.0pt x 125.32202pt.


LaTeX Warning: `!h' float specifier changed to `!ht'.


LaTeX Warning: `!h' float specifier changed to `!ht'.

[22 <./energy_profile_mu_pt2_F_pt2_pmmp.pdf> <./surf_resp_mu_pt2_F_pt2_pmpm.pdf
>] (waves_over_vortices_9_1.bbl [23 <./tracks_F_pt2_tf_4_pmpm.pdf> <./energy_pr
ofile_mu_pt2_F_pt2_pmpm.pdf>] [24]) [25] (waves_over_vortices_9_1.aux) ) 
Here is how much of TeX's memory you used:
 3391 strings out of 493634
 50780 string characters out of 3135239
 114580 words of memory out of 3000000
 6745 multiletter control sequences out of 15000+200000
 12319 words of font info for 46 fonts, out of 3000000 for 9000
 1025 hyphenation exceptions out of 8191
 36i,15n,39p,1462b,290s stack positions out of 5000i,500n,10000p,200000b,50000s
<C:/Use
rs/Chris/AppData/Local/Programs/MiKTeX 2.9/fonts/type1/public/amsfonts/cm/cmbx1
0.pfb><C:/Users/Chris/AppData/Local/Programs/MiKTeX 2.9/fonts/type1/public/amsf
onts/cm/cmbx12.pfb><C:/Users/Chris/AppData/Local/Programs/MiKTeX 2.9/fonts/type
1/public/amsfonts/cm/cmbx8.pfb><C:/Users/Chris/AppData/Local/Programs/MiKTeX 2.
9/fonts/type1/public/amsfonts/cm/cmex10.pfb><C:/Users/Chris/AppData/Local/Progr
ams/MiKTeX 2.9/fonts/type1/public/amsfonts/cm/cmmi10.pfb><C:/Users/Chris/AppDat
a/Local/Programs/MiKTeX 2.9/fonts/type1/public/amsfonts/cm/cmmi6.pfb><C:/Users/
Chris/AppData/Local/Programs/MiKTeX 2.9/fonts/type1/public/amsfonts/cm/cmmi8.pf
b><C:/Users/Chris/AppData/Local/Programs/MiKTeX 2.9/fonts/type1/public/amsfonts
/cm/cmr10.pfb><C:/Users/Chris/AppData/Local/Programs/MiKTeX 2.9/fonts/type1/pub
lic/amsfonts/cm/cmr12.pfb><C:/Users/Chris/AppData/Local/Programs/MiKTeX 2.9/fon
ts/type1/public/amsfonts/cm/cmr17.pfb><C:/Users/Chris/AppData/Local/Programs/Mi
KTeX 2.9/fonts/type1/public/amsfonts/cm/cmr8.pfb><C:/Users/Chris/AppData/Local/
Programs/MiKTeX 2.9/fonts/type1/public/amsfonts/cm/cmsy10.pfb><C:/Users/Chris/A
ppData/Local/Programs/MiKTeX 2.9/fonts/type1/public/amsfonts/cm/cmsy8.pfb><C:/U
sers/Chris/AppData/Local/Programs/MiKTeX 2.9/fonts/type1/public/amsfonts/cm/cmt
i10.pfb><C:/Users/Chris/AppData/Local/Programs/MiKTeX 2.9/fonts/type1/public/am
sfonts/symbols/msbm10.pfb>
Output written on waves_over_vortices_9_1.pdf (25 pages, 712976 bytes).
PDF statistics:
 271 PDF objects out of 1000 (max. 8388607)
 0 named destinations out of 1000 (max. 500000)
 96 words of extra memory for PDF output out of 10000 (max. 10000000)

