This is pdfTeX, Version 3.1415926-2.5-1.40.14 (MiKTeX 2.9 64-bit) (preloaded format=pdflatex 2013.10.8)  5 AUG 2016 17:33
entering extended mode
**C:/Users/ccurtis/Google*Drive/waves_over_vortices/writeup/waves_over_vortices
_8_4_alt_scale.tex

("C:/Users/ccurtis/Google Drive/waves_over_vortices/writeup/waves_over_vortices
_8_4_alt_scale.tex"
LaTeX2e <2011/06/27>
Babel <v3.8m> and hyphenation patterns for english, afrikaans, ancientgreek, ar
abic, armenian, assamese, basque, bengali, bokmal, bulgarian, catalan, coptic, 
croatian, czech, danish, dutch, esperanto, estonian, farsi, finnish, french, ga
lician, german, german-x-2013-05-26, greek, gujarati, hindi, hungarian, iceland
ic, indonesian, interlingua, irish, italian, kannada, kurmanji, latin, latvian,
 lithuanian, malayalam, marathi, mongolian, mongolianlmc, monogreek, ngerman, n
german-x-2013-05-26, nynorsk, oriya, panjabi, pinyin, polish, portuguese, roman
ian, russian, sanskrit, serbian, slovak, slovenian, spanish, swedish, swissgerm
an, tamil, telugu, turkish, turkmen, ukenglish, ukrainian, uppersorbian, usengl
ishmax, welsh, loaded.
("C:\Program Files\MiKTeX 2.9\tex\latex\base\article.cls"
Document Class: article 2007/10/19 v1.4h Standard LaTeX document class
("C:\Program Files\MiKTeX 2.9\tex\latex\base\size11.clo"
File: size11.clo 2007/10/19 v1.4h Standard LaTeX file (size option)
)
\c@part=\count79
\c@section=\count80
\c@subsection=\count81
\c@subsubsection=\count82
\c@paragraph=\count83
\c@subparagraph=\count84
\c@figure=\count85
\c@table=\count86
\abovecaptionskip=\skip41
\belowcaptionskip=\skip42
\bibindent=\dimen102
)
("C:\Program Files\MiKTeX 2.9\tex\latex\amsmath\amsmath.sty"
Package: amsmath 2013/01/14 v2.14 AMS math features
\@mathmargin=\skip43

For additional information on amsmath, use the `?' option.
("C:\Program Files\MiKTeX 2.9\tex\latex\amsmath\amstext.sty"
Package: amstext 2000/06/29 v2.01

("C:\Program Files\MiKTeX 2.9\tex\latex\amsmath\amsgen.sty"
File: amsgen.sty 1999/11/30 v2.0
\@emptytoks=\toks14
\ex@=\dimen103
))
("C:\Program Files\MiKTeX 2.9\tex\latex\amsmath\amsbsy.sty"
Package: amsbsy 1999/11/29 v1.2d
\pmbraise@=\dimen104
)
("C:\Program Files\MiKTeX 2.9\tex\latex\amsmath\amsopn.sty"
Package: amsopn 1999/12/14 v2.01 operator names
)
\inf@bad=\count87
LaTeX Info: Redefining \frac on input line 210.
\uproot@=\count88
\leftroot@=\count89
LaTeX Info: Redefining \overline on input line 306.
\classnum@=\count90
\DOTSCASE@=\count91
LaTeX Info: Redefining \ldots on input line 378.
LaTeX Info: Redefining \dots on input line 381.
LaTeX Info: Redefining \cdots on input line 466.
\Mathstrutbox@=\box26
\strutbox@=\box27
\big@size=\dimen105
LaTeX Font Info:    Redeclaring font encoding OML on input line 566.
LaTeX Font Info:    Redeclaring font encoding OMS on input line 567.
\macc@depth=\count92
\c@MaxMatrixCols=\count93
\dotsspace@=\muskip10
\c@parentequation=\count94
\dspbrk@lvl=\count95
\tag@help=\toks15
\row@=\count96
\column@=\count97
\maxfields@=\count98
\andhelp@=\toks16
\eqnshift@=\dimen106
\alignsep@=\dimen107
\tagshift@=\dimen108
\tagwidth@=\dimen109
\totwidth@=\dimen110
\lineht@=\dimen111
\@envbody=\toks17
\multlinegap=\skip44
\multlinetaggap=\skip45
\mathdisplay@stack=\toks18
LaTeX Info: Redefining \[ on input line 2665.
LaTeX Info: Redefining \] on input line 2666.
)
("C:\Program Files\MiKTeX 2.9\tex\latex\amsfonts\amssymb.sty"
Package: amssymb 2013/01/14 v3.01 AMS font symbols

("C:\Program Files\MiKTeX 2.9\tex\latex\amsfonts\amsfonts.sty"
Package: amsfonts 2013/01/14 v3.01 Basic AMSFonts support
\symAMSa=\mathgroup4
\symAMSb=\mathgroup5
LaTeX Font Info:    Overwriting math alphabet `\mathfrak' in version `bold'
(Font)                  U/euf/m/n --> U/euf/b/n on input line 106.
))
("C:\Program Files\MiKTeX 2.9\tex\latex\amscls\amsthm.sty"
Package: amsthm 2004/08/06 v2.20
\thm@style=\toks19
\thm@bodyfont=\toks20
\thm@headfont=\toks21
\thm@notefont=\toks22
\thm@headpunct=\toks23
\thm@preskip=\skip46
\thm@postskip=\skip47
\thm@headsep=\skip48
\dth@everypar=\toks24
)
("C:\Program Files\MiKTeX 2.9\tex\latex\graphics\graphicx.sty"
Package: graphicx 1999/02/16 v1.0f Enhanced LaTeX Graphics (DPC,SPQR)

("C:\Program Files\MiKTeX 2.9\tex\latex\graphics\keyval.sty"
Package: keyval 1999/03/16 v1.13 key=value parser (DPC)
\KV@toks@=\toks25
)
("C:\Program Files\MiKTeX 2.9\tex\latex\graphics\graphics.sty"
Package: graphics 2009/02/05 v1.0o Standard LaTeX Graphics (DPC,SPQR)

("C:\Program Files\MiKTeX 2.9\tex\latex\graphics\trig.sty"
Package: trig 1999/03/16 v1.09 sin cos tan (DPC)
)
("C:\Program Files\MiKTeX 2.9\tex\latex\00miktex\graphics.cfg"
File: graphics.cfg 2007/01/18 v1.5 graphics configuration of teTeX/TeXLive
)
Package graphics Info: Driver file: pdftex.def on input line 91.

("C:\Program Files\MiKTeX 2.9\tex\latex\pdftex-def\pdftex.def"
File: pdftex.def 2011/05/27 v0.06d Graphics/color for pdfTeX

("C:\Program Files\MiKTeX 2.9\tex\generic\oberdiek\infwarerr.sty"
Package: infwarerr 2010/04/08 v1.3 Providing info/warning/error messages (HO)
)
("C:\Program Files\MiKTeX 2.9\tex\generic\oberdiek\ltxcmds.sty"
Package: ltxcmds 2011/11/09 v1.22 LaTeX kernel commands for general use (HO)
)
\Gread@gobject=\count99
))
\Gin@req@height=\dimen112
\Gin@req@width=\dimen113
)
("C:\Program Files\MiKTeX 2.9\tex\latex\caption\caption.sty"
Package: caption 2013/05/02 v3.3-89 Customizing captions (AR)

("C:\Program Files\MiKTeX 2.9\tex\latex\caption\caption3.sty"
Package: caption3 2013/05/02 v1.6-88 caption3 kernel (AR)
Package caption3 Info: TeX engine: e-TeX on input line 57.
\captionmargin=\dimen114
\captionmargin@=\dimen115
\captionwidth=\dimen116
\caption@tempdima=\dimen117
\caption@indent=\dimen118
\caption@parindent=\dimen119
\caption@hangindent=\dimen120
)
\c@ContinuedFloat=\count100
)
("C:\Program Files\MiKTeX 2.9\tex\latex\caption\subcaption.sty"
Package: subcaption 2013/02/03 v1.1-62 Sub-captions (AR)
\c@subfigure=\count101
\c@subtable=\count102
)
\c@thm=\count103
\c@lem=\count104

("C:\Users\ccurtis\Google Drive\waves_over_vortices\writeup\waves_over_vortices
_8_4_alt_scale.aux")
LaTeX Font Info:    Checking defaults for OML/cmm/m/it on input line 55.
LaTeX Font Info:    ... okay on input line 55.
LaTeX Font Info:    Checking defaults for T1/cmr/m/n on input line 55.
LaTeX Font Info:    ... okay on input line 55.
LaTeX Font Info:    Checking defaults for OT1/cmr/m/n on input line 55.
LaTeX Font Info:    ... okay on input line 55.
LaTeX Font Info:    Checking defaults for OMS/cmsy/m/n on input line 55.
LaTeX Font Info:    ... okay on input line 55.
LaTeX Font Info:    Checking defaults for OMX/cmex/m/n on input line 55.
LaTeX Font Info:    ... okay on input line 55.
LaTeX Font Info:    Checking defaults for U/cmr/m/n on input line 55.
LaTeX Font Info:    ... okay on input line 55.

("C:\Program Files\MiKTeX 2.9\tex\context\base\supp-pdf.mkii"
[Loading MPS to PDF converter (version 2006.09.02).]
\scratchcounter=\count105
\scratchdimen=\dimen121
\scratchbox=\box28
\nofMPsegments=\count106
\nofMParguments=\count107
\everyMPshowfont=\toks26
\MPscratchCnt=\count108
\MPscratchDim=\dimen122
\MPnumerator=\count109
\makeMPintoPDFobject=\count110
\everyMPtoPDFconversion=\toks27
)
Package caption Info: Begin \AtBeginDocument code.
Package caption Info: End \AtBeginDocument code.
LaTeX Font Info:    Try loading font information for U+msa on input line 56.
 ("C:\Program Files\MiKTeX 2.9\tex\latex\amsfonts\umsa.fd"
File: umsa.fd 2013/01/14 v3.01 AMS symbols A
)
LaTeX Font Info:    Try loading font information for U+msb on input line 56.

("C:\Program Files\MiKTeX 2.9\tex\latex\amsfonts\umsb.fd"
File: umsb.fd 2013/01/14 v3.01 AMS symbols B
)

LaTeX Warning: No \author given.


Overfull \hbox (13.24338pt too wide) in paragraph at lines 62--63
\OT1/cmr/m/n/10.95 how sur-face waves in-duce eddy for-ma-tion as they move ove
r vary-ing bathymetry
 []

[1

{C:/ProgramData/MiKTeX/2.9/pdftex/config/pdftex.map}]
<surface_vortex.pdf, id=8, 598.235pt x 846.16125pt>
File: surface_vortex.pdf Graphic file (type pdf)
 <use surface_vortex.pdf>
Package pdftex.def Info: surface_vortex.pdf used on input line 75.
(pdftex.def)             Requested size: 90.0pt x 127.29314pt.

[2]
Overfull \hbox (37.48325pt too wide) in paragraph at lines 123--123
[] 
 []

[3 <C:/Users/ccurtis/Google Drive/waves_over_vortices/writeup/surface_vortex.pd
f>]
Overfull \hbox (0.88441pt too wide) detected at line 159
[][] \OML/cmm/m/it/10.95 e[] [] dx \OT1/cmr/m/n/10.95 = 0\OML/cmm/m/it/10.95 ; 
 []\OMS/cmsy/m/n/10.95 8\OML/cmm/m/it/10.95 k \OT1/cmr/m/n/10.95 = []\OML/cmm/m
/it/10.95 :
 []

[4]
Overfull \hbox (18.02867pt too wide) detected at line 202
[][] [][] \OML/cmm/m/it/10.95 dx \OT1/cmr/m/n/10.95 = [](\OML/cmm/m/it/10.95 x[
]; z[]; t\OT1/cmr/m/n/10.95 )\OML/cmm/m/it/10.95 ;
 []


Overfull \hbox (33.43877pt too wide) detected at line 214
[]\OT1/cmr/m/n/10.95 (\OML/cmm/m/it/10.95 x[]; z[]; t\OT1/cmr/m/n/10.95 ) = \OM
S/cmsy/m/n/10.95   [][] [][] \OML/cmm/m/it/10.95 dx:
 []

[5]
Overfull \hbox (17.04256pt too wide) detected at line 223
[][] [][] \OML/cmm/m/it/10.95 dx \OT1/cmr/m/n/10.95 = [](\OML/cmm/m/it/10.95 x[
]; z[]; t\OT1/cmr/m/n/10.95 )\OML/cmm/m/it/10.95 ;
 []


Overfull \hbox (22.60405pt too wide) detected at line 227
[]\OT1/cmr/m/n/10.95 (\OML/cmm/m/it/10.95 x[]; z[]; t\OT1/cmr/m/n/10.95 ) = [][
] [][] \OML/cmm/m/it/10.95 dx;
 []

[6]
Overfull \hbox (8.46443pt too wide) in paragraph at lines 258--258
[] 
 []


Overfull \hbox (69.578pt too wide) detected at line 279
\OML/cmm/m/it/10.95 E[]\OT1/cmr/m/n/10.95 (\OML/cmm/m/it/10.95 x; \OT1/cmr/m/n/
10.95 1 + \OML/cmm/m/it/10.95 ; t\OT1/cmr/m/n/10.95 ) = [][] \OML/cmm/m/it/10
.95 :
 []

[7]
Overfull \hbox (17.68054pt too wide) in paragraph at lines 308--308
[] 
 []

[8]
Overfull \hbox (31.7577pt too wide) in paragraph at lines 342--342
[] 
 []

[9] [10]
<surf_resp_cnoid_mu_pt2_F_1_tf_5_gam_pt1.pdf, id=57, 719.68875pt x 432.61626pt>
File: surf_resp_cnoid_mu_pt2_F_1_tf_5_gam_pt1.pdf Graphic file (type pdf)
<use surf_resp_cnoid_mu_pt2_F_1_tf_5_gam_pt1.pdf>
Package pdftex.def Info: surf_resp_cnoid_mu_pt2_F_1_tf_5_gam_pt1.pdf used on in
put line 401.
(pdftex.def)             Requested size: 270.0pt x 162.30331pt.

<xtrack_cnoid_mu_pt2_F_1_tf_5_gam_pt1.pdf, id=58, 719.68875pt x 432.61626pt>
File: xtrack_cnoid_mu_pt2_F_1_tf_5_gam_pt1.pdf Graphic file (type pdf)

<use xtrack_cnoid_mu_pt2_F_1_tf_5_gam_pt1.pdf>
Package pdftex.def Info: xtrack_cnoid_mu_pt2_F_1_tf_5_gam_pt1.pdf used on input
 line 407.
(pdftex.def)             Requested size: 270.0pt x 162.30331pt.

<ztrack_cnoid_mu_pt2_F_1_tf_5_gam_pt1.pdf, id=59, 719.68875pt x 474.77374pt>
File: ztrack_cnoid_mu_pt2_F_1_tf_5_gam_pt1.pdf Graphic file (type pdf)

<use ztrack_cnoid_mu_pt2_F_1_tf_5_gam_pt1.pdf>
Package pdftex.def Info: ztrack_cnoid_mu_pt2_F_1_tf_5_gam_pt1.pdf used on input
 line 413.
(pdftex.def)             Requested size: 270.0pt x 178.1194pt.


LaTeX Warning: `!h' float specifier changed to `!ht'.


LaTeX Warning: `!h' float specifier changed to `!ht'.

[11 <C:/Users/ccurtis/Google Drive/waves_over_vortices/writeup/surf_resp_cnoid_
mu_pt2_F_1_tf_5_gam_pt1.pdf>]
<lin_response_tf_pt1.pdf, id=66, 719.68875pt x 432.61626pt>
File: lin_response_tf_pt1.pdf Graphic file (type pdf)

<use lin_response_tf_pt1.pdf>
Package pdftex.def Info: lin_response_tf_pt1.pdf used on input line 428.
(pdftex.def)             Requested size: 270.0pt x 162.30331pt.
 [12 <C:/Users/ccurtis/Google Drive/waves_over_vortices/writeup/xtrack_cnoid_mu
_pt2_F_1_tf_5_gam_pt1.pdf> <C:/Users/ccurtis/Google Drive/waves_over_vortices/w
riteup/ztrack_cnoid_mu_pt2_F_1_tf_5_gam_pt1.pdf>]
<surf_resp_mu_pt2_F_1_tf_pt7.pdf, id=76, 719.68875pt x 432.61626pt>
File: surf_resp_mu_pt2_F_1_tf_pt7.pdf Graphic file (type pdf)

<use surf_resp_mu_pt2_F_1_tf_pt7.pdf>
Package pdftex.def Info: surf_resp_mu_pt2_F_1_tf_pt7.pdf used on input line 436
.
(pdftex.def)             Requested size: 270.0pt x 162.30331pt.

<pspec_mu_pt2_F_1_tf_pt7.pdf, id=77, 719.68875pt x 432.61626pt>
File: pspec_mu_pt2_F_1_tf_pt7.pdf Graphic file (type pdf)

<use pspec_mu_pt2_F_1_tf_pt7.pdf>
Package pdftex.def Info: pspec_mu_pt2_F_1_tf_pt7.pdf used on input line 442.
(pdftex.def)             Requested size: 270.0pt x 162.30331pt.

<xtrack_mu_pt2_F_1_tf_pt7.pdf, id=78, 719.68875pt x 432.61626pt>
File: xtrack_mu_pt2_F_1_tf_pt7.pdf Graphic file (type pdf)

<use xtrack_mu_pt2_F_1_tf_pt7.pdf>
Package pdftex.def Info: xtrack_mu_pt2_F_1_tf_pt7.pdf used on input line 448.
(pdftex.def)             Requested size: 270.0pt x 162.30331pt.

<ztrack_mu_pt2_F_1_tf_pt7.pdf, id=79, 719.68875pt x 432.61626pt>
File: ztrack_mu_pt2_F_1_tf_pt7.pdf Graphic file (type pdf)

<use ztrack_mu_pt2_F_1_tf_pt7.pdf>
Package pdftex.def Info: ztrack_mu_pt2_F_1_tf_pt7.pdf used on input line 453.
(pdftex.def)             Requested size: 270.0pt x 162.30331pt.

Overfull \hbox (6.42706pt too wide) in paragraph at lines 433--456
[]\OT1/cmr/m/n/10.95 To fur-ther ex-plore the role of non-lin-ear-ity, we now l
ook at longer timescales
 []


LaTeX Warning: `!h' float specifier changed to `!ht'.


LaTeX Warning: `!h' float specifier changed to `!ht'.


LaTeX Warning: `!h' float specifier changed to `!ht'.


LaTeX Warning: `!h' float specifier changed to `!ht'.

[13 <C:/Users/ccurtis/Google Drive/waves_over_vortices/writeup/lin_response_tf_
pt1.pdf>]
<surf_resp_mu_pt2_F_1_tf_pt8_4vort.pdf, id=87, 719.68875pt x 432.61626pt>
File: surf_resp_mu_pt2_F_1_tf_pt8_4vort.pdf Graphic file (type pdf)

<use surf_resp_mu_pt2_F_1_tf_pt8_4vort.pdf>
Package pdftex.def Info: surf_resp_mu_pt2_F_1_tf_pt8_4vort.pdf used on input li
ne 469.
(pdftex.def)             Requested size: 270.0pt x 162.30331pt.

<xtrack_mu_pt2_F_1_tf_pt8_4vort.pdf, id=88, 719.68875pt x 432.61626pt>
File: xtrack_mu_pt2_F_1_tf_pt8_4vort.pdf Graphic file (type pdf)

<use xtrack_mu_pt2_F_1_tf_pt8_4vort.pdf>
Package pdftex.def Info: xtrack_mu_pt2_F_1_tf_pt8_4vort.pdf used on input line 
475.
(pdftex.def)             Requested size: 270.0pt x 162.30331pt.

<ztrack_mu_pt2_F_1_tf_pt8_4vort.pdf, id=89, 719.68875pt x 432.61626pt>
File: ztrack_mu_pt2_F_1_tf_pt8_4vort.pdf Graphic file (type pdf)

<use ztrack_mu_pt2_F_1_tf_pt8_4vort.pdf>
Package pdftex.def Info: ztrack_mu_pt2_F_1_tf_pt8_4vort.pdf used on input line 
480.
(pdftex.def)             Requested size: 270.0pt x 162.30331pt.


LaTeX Warning: `!h' float specifier changed to `!ht'.


LaTeX Warning: `!h' float specifier changed to `!ht'.


LaTeX Warning: `!h' float specifier changed to `!ht'.


("C:\Users\ccurtis\Google Drive\waves_over_vortices\writeup\waves_over_vortices
_8_4_alt_scale.bbl" [14 <C:/Users/ccurtis/Google Drive/waves_over_vortices/writ
eup/surf_resp_mu_pt2_F_1_tf_pt7.pdf> <C:/Users/ccurtis/Google Drive/waves_over_
vortices/writeup/pspec_mu_pt2_F_1_tf_pt7.pdf>] [15 <C:/Users/ccurtis/Google Dri
ve/waves_over_vortices/writeup/xtrack_mu_pt2_F_1_tf_pt7.pdf> <C:/Users/ccurtis/
Google Drive/waves_over_vortices/writeup/ztrack_mu_pt2_F_1_tf_pt7.pdf>]
[16 <C:/Users/ccurtis/Google Drive/waves_over_vortices/writeup/surf_resp_mu_pt2
_F_1_tf_pt8_4vort.pdf> <C:/Users/ccurtis/Google Drive/waves_over_vortices/write
up/xtrack_mu_pt2_F_1_tf_pt8_4vort.pdf>]) [17 <C:/Users/ccurtis/Google Drive/wav
es_over_vortices/writeup/ztrack_mu_pt2_F_1_tf_pt8_4vort.pdf>]
("C:\Users\ccurtis\Google Drive\waves_over_vortices\writeup\waves_over_vortices
_8_4_alt_scale.aux") ) 
Here is how much of TeX's memory you used:
 3306 strings out of 493921
 48380 string characters out of 3147276
 111320 words of memory out of 3000000
 6576 multiletter control sequences out of 15000+200000
 12319 words of font info for 46 fonts, out of 3000000 for 9000
 841 hyphenation exceptions out of 8191
 36i,15n,38p,1225b,294s stack positions out of 5000i,500n,10000p,200000b,50000s
<C:/Program Files/MiKTeX 2.9/fonts/type1/public/amsfonts/
cm/cmbx10.pfb><C:/Program Files/MiKTeX 2.9/fonts/type1/public/amsfonts/cm/cmbx1
2.pfb><C:/Program Files/MiKTeX 2.9/fonts/type1/public/amsfonts/cm/cmbx8.pfb><C:
/Program Files/MiKTeX 2.9/fonts/type1/public/amsfonts/cm/cmex10.pfb><C:/Program
 Files/MiKTeX 2.9/fonts/type1/public/amsfonts/cm/cmmi10.pfb><C:/Program Files/M
iKTeX 2.9/fonts/type1/public/amsfonts/cm/cmmi6.pfb><C:/Program Files/MiKTeX 2.9
/fonts/type1/public/amsfonts/cm/cmmi8.pfb><C:/Program Files/MiKTeX 2.9/fonts/ty
pe1/public/amsfonts/cm/cmr10.pfb><C:/Program Files/MiKTeX 2.9/fonts/type1/publi
c/amsfonts/cm/cmr17.pfb><C:/Program Files/MiKTeX 2.9/fonts/type1/public/amsfont
s/cm/cmr8.pfb><C:/Program Files/MiKTeX 2.9/fonts/type1/public/amsfonts/cm/cmsy1
0.pfb><C:/Program Files/MiKTeX 2.9/fonts/type1/public/amsfonts/cm/cmsy8.pfb><C:
/Program Files/MiKTeX 2.9/fonts/type1/public/amsfonts/cm/cmti10.pfb><C:/Program
 Files/MiKTeX 2.9/fonts/type1/public/amsfonts/symbols/msbm10.pfb>
Output written on waves_over_vortices_8_4_alt_scale.pdf (17 pages, 877347 bytes
).
PDF statistics:
 171 PDF objects out of 1000 (max. 8388607)
 0 named destinations out of 1000 (max. 500000)
 61 words of extra memory for PDF output out of 10000 (max. 10000000)

